mode: atomic
github.com/site24x7/terraform-provider-site24x7/api/errors/util.go:6.36,9.2 2 0
github.com/site24x7/terraform-provider-site24x7/api/errors/util.go:12.44,15.2 2 0
github.com/site24x7/terraform-provider-site24x7/api/errors/util.go:19.46,20.44 1 5
github.com/site24x7/terraform-provider-site24x7/api/errors/util.go:24.2,24.14 1 1
github.com/site24x7/terraform-provider-site24x7/api/errors/util.go:20.44,22.3 1 4
github.com/site24x7/terraform-provider-site24x7/api/errors/util.go:29.33,31.2 1 5
github.com/site24x7/terraform-provider-site24x7/api/errors/errors.go:22.65,27.2 1 4
github.com/site24x7/terraform-provider-site24x7/api/errors/errors.go:30.40,32.2 1 4
github.com/site24x7/terraform-provider-site24x7/api/errors/errors.go:35.38,37.2 1 0
github.com/site24x7/terraform-provider-site24x7/api/errors/errors.go:47.122,53.2 1 2
github.com/site24x7/terraform-provider-site24x7/api/errors/errors.go:56.47,58.2 1 0
github.com/site24x7/terraform-provider-site24x7/api/errors/errors.go:61.66,63.2 1 0
github.com/site24x7/terraform-provider-site24x7/oauth/oauth.go:40.90,54.2 1 0
github.com/site24x7/terraform-provider-site24x7/oauth/oauth.go:58.59,64.2 1 0
github.com/site24x7/terraform-provider-site24x7/oauth/oauth.go:68.70,73.25 2 0
github.com/site24x7/terraform-provider-site24x7/oauth/oauth.go:81.2,84.17 2 0
github.com/site24x7/terraform-provider-site24x7/oauth/oauth.go:73.25,75.21 2 0
github.com/site24x7/terraform-provider-site24x7/oauth/oauth.go:75.21,76.69 1 0
github.com/site24x7/terraform-provider-site24x7/oauth/oauth.go:76.69,78.5 1 0
github.com/site24x7/terraform-provider-site24x7/oauth/token.go:25.54,30.16 4 4
github.com/site24x7/terraform-provider-site24x7/oauth/token.go:40.2,40.45 1 3
github.com/site24x7/terraform-provider-site24x7/oauth/token.go:51.2,51.19 1 3
github.com/site24x7/terraform-provider-site24x7/oauth/token.go:30.16,32.3 1 1
github.com/site24x7/terraform-provider-site24x7/oauth/token.go:40.45,49.3 1 1
github.com/site24x7/terraform-provider-site24x7/api/endpoints/integration/pagerduty_impl.go:18.60,22.2 1 3
github.com/site24x7/terraform-provider-site24x7/api/endpoints/integration/pagerduty_impl.go:24.91,34.2 3 1
github.com/site24x7/terraform-provider-site24x7/api/endpoints/integration/pagerduty_impl.go:36.111,47.2 3 1
github.com/site24x7/terraform-provider-site24x7/api/endpoints/integration/pagerduty_impl.go:49.111,61.2 3 1
github.com/site24x7/terraform-provider-site24x7/api/endpoints/integration/servicenow_impl.go:18.62,22.2 1 3
github.com/site24x7/terraform-provider-site24x7/api/endpoints/integration/servicenow_impl.go:24.94,34.2 3 1
github.com/site24x7/terraform-provider-site24x7/api/endpoints/integration/servicenow_impl.go:36.115,47.2 3 1
github.com/site24x7/terraform-provider-site24x7/api/endpoints/integration/servicenow_impl.go:49.115,61.2 3 1
github.com/site24x7/terraform-provider-site24x7/api/endpoints/integration/slack_impl.go:18.52,22.2 1 3
github.com/site24x7/terraform-provider-site24x7/api/endpoints/integration/slack_impl.go:24.79,34.2 3 1
github.com/site24x7/terraform-provider-site24x7/api/endpoints/integration/slack_impl.go:36.95,47.2 3 1
github.com/site24x7/terraform-provider-site24x7/api/endpoints/integration/slack_impl.go:49.95,61.2 3 1
github.com/site24x7/terraform-provider-site24x7/api/endpoints/integration/telegram_impl.go:18.58,22.2 1 3
github.com/site24x7/terraform-provider-site24x7/api/endpoints/integration/telegram_impl.go:24.88,34.2 3 1
github.com/site24x7/terraform-provider-site24x7/api/endpoints/integration/telegram_impl.go:36.107,47.2 3 1
github.com/site24x7/terraform-provider-site24x7/api/endpoints/integration/telegram_impl.go:49.107,61.2 3 1
github.com/site24x7/terraform-provider-site24x7/api/endpoints/integration/thirdparty_impl.go:19.75,23.2 1 2
github.com/site24x7/terraform-provider-site24x7/api/endpoints/integration/thirdparty_impl.go:25.69,32.2 1 1
github.com/site24x7/terraform-provider-site24x7/api/endpoints/integration/thirdparty_impl.go:34.80,43.2 3 1
github.com/site24x7/terraform-provider-site24x7/api/endpoints/integration/thirdparty_impl.go:45.71,52.2 1 0
github.com/site24x7/terraform-provider-site24x7/api/endpoints/integration/thirdparty_impl.go:54.70,61.2 1 0
github.com/site24x7/terraform-provider-site24x7/api/endpoints/integration/webhook_impl.go:18.56,22.2 1 3
github.com/site24x7/terraform-provider-site24x7/api/endpoints/integration/webhook_impl.go:24.85,34.2 3 1
github.com/site24x7/terraform-provider-site24x7/api/endpoints/integration/webhook_impl.go:36.103,47.2 3 1
github.com/site24x7/terraform-provider-site24x7/api/endpoints/integration/webhook_impl.go:49.103,61.2 3 1
github.com/site24x7/terraform-provider-site24x7/api/endpoints/integration/connectwise_impl.go:18.64,22.2 1 3
github.com/site24x7/terraform-provider-site24x7/api/endpoints/integration/connectwise_impl.go:24.97,34.2 3 1
github.com/site24x7/terraform-provider-site24x7/api/endpoints/integration/connectwise_impl.go:36.119,47.2 3 1
github.com/site24x7/terraform-provider-site24x7/api/endpoints/integration/connectwise_impl.go:49.119,61.2 3 1
github.com/site24x7/terraform-provider-site24x7/api/endpoints/integration/opsgenie_impl.go:18.58,22.2 1 3
github.com/site24x7/terraform-provider-site24x7/api/endpoints/integration/opsgenie_impl.go:24.88,34.2 3 1
github.com/site24x7/terraform-provider-site24x7/api/endpoints/integration/opsgenie_impl.go:36.107,47.2 3 1
github.com/site24x7/terraform-provider-site24x7/api/endpoints/integration/opsgenie_impl.go:49.107,61.2 3 1
github.com/site24x7/terraform-provider-site24x7/api/endpoints/common/schedule_maintenance_impl.go:20.69,24.2 1 5
github.com/site24x7/terraform-provider-site24x7/api/endpoints/common/schedule_maintenance_impl.go:26.99,36.2 3 1
github.com/site24x7/terraform-provider-site24x7/api/endpoints/common/schedule_maintenance_impl.go:38.118,49.2 3 1
github.com/site24x7/terraform-provider-site24x7/api/endpoints/common/schedule_maintenance_impl.go:51.118,63.2 3 1
github.com/site24x7/terraform-provider-site24x7/api/endpoints/common/schedule_maintenance_impl.go:65.74,72.2 1 1
github.com/site24x7/terraform-provider-site24x7/api/endpoints/common/schedule_maintenance_impl.go:74.74,83.2 3 1
github.com/site24x7/terraform-provider-site24x7/backoff/retry.go:39.71,40.20 1 0
github.com/site24x7/terraform-provider-site24x7/backoff/retry.go:44.2,44.20 1 0
github.com/site24x7/terraform-provider-site24x7/backoff/retry.go:48.2,48.22 1 0
github.com/site24x7/terraform-provider-site24x7/backoff/retry.go:52.2,52.25 1 0
github.com/site24x7/terraform-provider-site24x7/backoff/retry.go:56.2,56.22 1 0
github.com/site24x7/terraform-provider-site24x7/backoff/retry.go:60.2,60.10 1 0
github.com/site24x7/terraform-provider-site24x7/backoff/retry.go:40.20,42.3 1 0
github.com/site24x7/terraform-provider-site24x7/backoff/retry.go:44.20,46.3 1 0
github.com/site24x7/terraform-provider-site24x7/backoff/retry.go:48.22,50.3 1 0
github.com/site24x7/terraform-provider-site24x7/backoff/retry.go:52.25,54.3 1 0
github.com/site24x7/terraform-provider-site24x7/backoff/retry.go:56.22,58.3 1 0
github.com/site24x7/terraform-provider-site24x7/backoff/retry.go:79.75,81.19 2 0
github.com/site24x7/terraform-provider-site24x7/backoff/retry.go:85.2,97.10 2 0
github.com/site24x7/terraform-provider-site24x7/backoff/retry.go:81.19,83.3 1 0
github.com/site24x7/terraform-provider-site24x7/backoff/retry.go:103.73,105.16 2 0
github.com/site24x7/terraform-provider-site24x7/backoff/retry.go:109.2,110.16 2 0
github.com/site24x7/terraform-provider-site24x7/backoff/retry.go:114.2,114.18 1 0
github.com/site24x7/terraform-provider-site24x7/backoff/retry.go:105.16,107.3 1 0
github.com/site24x7/terraform-provider-site24x7/backoff/retry.go:110.16,112.3 1 0
github.com/site24x7/terraform-provider-site24x7/backoff/retry.go:118.89,119.16 1 0
github.com/site24x7/terraform-provider-site24x7/backoff/retry.go:123.2,123.18 1 0
github.com/site24x7/terraform-provider-site24x7/backoff/retry.go:119.16,121.3 1 0
github.com/site24x7/terraform-provider-site24x7/backoff/retry.go:128.92,130.22 1 9
github.com/site24x7/terraform-provider-site24x7/backoff/retry.go:134.2,134.16 1 8
github.com/site24x7/terraform-provider-site24x7/backoff/retry.go:143.2,143.106 1 7
github.com/site24x7/terraform-provider-site24x7/backoff/retry.go:147.2,147.19 1 4
github.com/site24x7/terraform-provider-site24x7/backoff/retry.go:130.22,132.3 1 1
github.com/site24x7/terraform-provider-site24x7/backoff/retry.go:134.16,136.3 1 1
github.com/site24x7/terraform-provider-site24x7/backoff/retry.go:143.106,145.3 1 3
github.com/site24x7/terraform-provider-site24x7/backoff/retry.go:156.96,158.26 2 8
github.com/site24x7/terraform-provider-site24x7/backoff/retry.go:166.2,166.65 1 6
github.com/site24x7/terraform-provider-site24x7/backoff/retry.go:158.26,159.23 1 2
github.com/site24x7/terraform-provider-site24x7/backoff/retry.go:163.3,163.20 1 1
github.com/site24x7/terraform-provider-site24x7/backoff/retry.go:159.23,161.4 1 1
github.com/site24x7/terraform-provider-site24x7/backoff/retry.go:171.63,172.39 1 8
github.com/site24x7/terraform-provider-site24x7/backoff/retry.go:176.2,179.16 3 5
github.com/site24x7/terraform-provider-site24x7/backoff/retry.go:185.2,185.17 1 2
github.com/site24x7/terraform-provider-site24x7/backoff/retry.go:172.39,174.3 1 3
github.com/site24x7/terraform-provider-site24x7/backoff/retry.go:179.16,183.3 2 3
github.com/site24x7/terraform-provider-site24x7/rest/request.go:34.66,41.16 2 14
github.com/site24x7/terraform-provider-site24x7/rest/request.go:45.2,47.10 3 14
github.com/site24x7/terraform-provider-site24x7/rest/request.go:41.16,43.3 1 0
github.com/site24x7/terraform-provider-site24x7/rest/request.go:53.54,56.2 2 4
github.com/site24x7/terraform-provider-site24x7/rest/request.go:61.58,64.2 2 4
github.com/site24x7/terraform-provider-site24x7/rest/request.go:67.60,71.2 2 0
github.com/site24x7/terraform-provider-site24x7/rest/request.go:74.57,75.21 1 29
github.com/site24x7/terraform-provider-site24x7/rest/request.go:79.2,80.10 2 29
github.com/site24x7/terraform-provider-site24x7/rest/request.go:75.21,77.3 1 14
github.com/site24x7/terraform-provider-site24x7/rest/request.go:84.48,87.2 2 4
github.com/site24x7/terraform-provider-site24x7/rest/request.go:89.40,91.24 2 4
github.com/site24x7/terraform-provider-site24x7/rest/request.go:95.2,95.15 1 4
github.com/site24x7/terraform-provider-site24x7/rest/request.go:91.24,93.3 1 4
github.com/site24x7/terraform-provider-site24x7/rest/request.go:100.33,101.18 1 4
github.com/site24x7/terraform-provider-site24x7/rest/request.go:105.2,106.16 2 3
github.com/site24x7/terraform-provider-site24x7/rest/request.go:110.2,110.25 1 3
github.com/site24x7/terraform-provider-site24x7/rest/request.go:101.18,103.3 1 1
github.com/site24x7/terraform-provider-site24x7/rest/request.go:106.16,108.3 1 0
github.com/site24x7/terraform-provider-site24x7/rest/request.go:113.57,115.16 2 4
github.com/site24x7/terraform-provider-site24x7/rest/request.go:119.2,126.21 2 4
github.com/site24x7/terraform-provider-site24x7/rest/request.go:130.2,130.23 1 4
github.com/site24x7/terraform-provider-site24x7/rest/request.go:134.2,134.17 1 4
github.com/site24x7/terraform-provider-site24x7/rest/request.go:115.16,117.3 1 0
github.com/site24x7/terraform-provider-site24x7/rest/request.go:126.21,128.3 1 0
github.com/site24x7/terraform-provider-site24x7/rest/request.go:130.23,132.3 1 0
github.com/site24x7/terraform-provider-site24x7/rest/request.go:137.57,141.16 3 3
github.com/site24x7/terraform-provider-site24x7/rest/request.go:145.2,148.16 3 3
github.com/site24x7/terraform-provider-site24x7/rest/request.go:152.2,154.50 2 3
github.com/site24x7/terraform-provider-site24x7/rest/request.go:158.2,158.64 1 2
github.com/site24x7/terraform-provider-site24x7/rest/request.go:141.16,143.3 1 0
github.com/site24x7/terraform-provider-site24x7/rest/request.go:148.16,150.3 1 0
github.com/site24x7/terraform-provider-site24x7/rest/request.go:154.50,156.3 1 1
github.com/site24x7/terraform-provider-site24x7/rest/request.go:161.59,165.16 3 2
github.com/site24x7/terraform-provider-site24x7/rest/request.go:170.2,170.99 1 1
github.com/site24x7/terraform-provider-site24x7/rest/request.go:165.16,168.3 2 1
github.com/site24x7/terraform-provider-site24x7/rest/response.go:19.46,20.18 1 3
github.com/site24x7/terraform-provider-site24x7/rest/response.go:24.2,27.16 3 2
github.com/site24x7/terraform-provider-site24x7/rest/response.go:31.2,31.45 1 1
github.com/site24x7/terraform-provider-site24x7/rest/response.go:20.18,22.3 1 1
github.com/site24x7/terraform-provider-site24x7/rest/response.go:27.16,29.3 1 1
github.com/site24x7/terraform-provider-site24x7/rest/response.go:35.31,37.2 1 4
github.com/site24x7/terraform-provider-site24x7/rest/client.go:35.73,40.2 1 1
github.com/site24x7/terraform-provider-site24x7/rest/client.go:44.45,47.2 2 5
github.com/site24x7/terraform-provider-site24x7/rest/client.go:50.33,52.2 1 1
github.com/site24x7/terraform-provider-site24x7/rest/client.go:55.34,57.2 1 1
github.com/site24x7/terraform-provider-site24x7/rest/client.go:60.33,62.2 1 1
github.com/site24x7/terraform-provider-site24x7/rest/client.go:65.36,67.2 1 1
github.com/site24x7/terraform-provider-site24x7/api/endpoints/notification_profiles.go:20.71,24.2 1 5
github.com/site24x7/terraform-provider-site24x7/api/endpoints/notification_profiles.go:26.88,36.2 3 1
github.com/site24x7/terraform-provider-site24x7/api/endpoints/notification_profiles.go:38.107,49.2 3 1
github.com/site24x7/terraform-provider-site24x7/api/endpoints/notification_profiles.go:51.107,63.2 3 1
github.com/site24x7/terraform-provider-site24x7/api/endpoints/notification_profiles.go:65.63,72.2 1 1
github.com/site24x7/terraform-provider-site24x7/api/endpoints/notification_profiles.go:74.75,78.40 4 1
github.com/site24x7/terraform-provider-site24x7/api/endpoints/notification_profiles.go:87.2,87.38 1 1
github.com/site24x7/terraform-provider-site24x7/api/endpoints/notification_profiles.go:78.40,86.3 3 1
github.com/site24x7/terraform-provider-site24x7/api/endpoints/subgroups_impl.go:20.49,24.2 1 5
github.com/site24x7/terraform-provider-site24x7/api/endpoints/subgroups_impl.go:26.64,36.2 3 1
github.com/site24x7/terraform-provider-site24x7/api/endpoints/subgroups_impl.go:38.75,49.2 3 1
github.com/site24x7/terraform-provider-site24x7/api/endpoints/subgroups_impl.go:51.75,63.2 3 1
github.com/site24x7/terraform-provider-site24x7/api/endpoints/subgroups_impl.go:65.50,72.2 1 1
github.com/site24x7/terraform-provider-site24x7/api/endpoints/subgroups_impl.go:74.53,83.2 3 1
github.com/site24x7/terraform-provider-site24x7/api/endpoints/url_action.go:20.51,24.2 1 8
github.com/site24x7/terraform-provider-site24x7/api/endpoints/url_action.go:26.67,36.2 3 1
github.com/site24x7/terraform-provider-site24x7/api/endpoints/url_action.go:38.80,49.2 3 2
github.com/site24x7/terraform-provider-site24x7/api/endpoints/url_action.go:51.80,63.2 3 2
github.com/site24x7/terraform-provider-site24x7/api/endpoints/url_action.go:65.52,72.2 1 2
github.com/site24x7/terraform-provider-site24x7/api/endpoints/url_action.go:74.55,83.2 3 1
github.com/site24x7/terraform-provider-site24x7/api/endpoints/user_groups.go:21.51,25.2 1 4
github.com/site24x7/terraform-provider-site24x7/api/endpoints/user_groups.go:27.66,37.2 3 1
github.com/site24x7/terraform-provider-site24x7/api/endpoints/user_groups.go:39.75,50.2 3 1
github.com/site24x7/terraform-provider-site24x7/api/endpoints/user_groups.go:52.75,67.2 6 0
github.com/site24x7/terraform-provider-site24x7/api/endpoints/user_groups.go:69.51,76.2 1 1
github.com/site24x7/terraform-provider-site24x7/api/endpoints/user_groups.go:78.55,82.30 4 1
github.com/site24x7/terraform-provider-site24x7/api/endpoints/user_groups.go:91.2,91.28 1 1
github.com/site24x7/terraform-provider-site24x7/api/endpoints/user_groups.go:82.30,90.3 3 1
github.com/site24x7/terraform-provider-site24x7/api/endpoints/threshold_profiles.go:20.65,24.2 1 5
github.com/site24x7/terraform-provider-site24x7/api/endpoints/threshold_profiles.go:26.82,36.2 3 1
github.com/site24x7/terraform-provider-site24x7/api/endpoints/threshold_profiles.go:38.98,49.2 3 1
github.com/site24x7/terraform-provider-site24x7/api/endpoints/threshold_profiles.go:51.98,63.2 3 1
github.com/site24x7/terraform-provider-site24x7/api/endpoints/threshold_profiles.go:65.60,72.2 1 1
github.com/site24x7/terraform-provider-site24x7/api/endpoints/threshold_profiles.go:74.69,78.37 4 1
github.com/site24x7/terraform-provider-site24x7/api/endpoints/threshold_profiles.go:87.2,87.35 1 1
github.com/site24x7/terraform-provider-site24x7/api/endpoints/threshold_profiles.go:78.37,86.3 3 1
github.com/site24x7/terraform-provider-site24x7/api/endpoints/current_status.go:19.57,23.2 1 2
github.com/site24x7/terraform-provider-site24x7/api/endpoints/current_status.go:25.75,35.2 3 0
github.com/site24x7/terraform-provider-site24x7/api/endpoints/current_status.go:37.80,47.2 3 0
github.com/site24x7/terraform-provider-site24x7/api/endpoints/current_status.go:49.83,59.2 3 0
github.com/site24x7/terraform-provider-site24x7/api/endpoints/current_status.go:61.98,71.2 3 2
github.com/site24x7/terraform-provider-site24x7/api/endpoints/location_profiles.go:21.63,25.2 1 8
github.com/site24x7/terraform-provider-site24x7/api/endpoints/location_profiles.go:27.80,37.2 3 1
github.com/site24x7/terraform-provider-site24x7/api/endpoints/location_profiles.go:39.95,50.2 3 2
github.com/site24x7/terraform-provider-site24x7/api/endpoints/location_profiles.go:52.95,67.2 6 2
github.com/site24x7/terraform-provider-site24x7/api/endpoints/location_profiles.go:69.59,76.2 1 2
github.com/site24x7/terraform-provider-site24x7/api/endpoints/location_profiles.go:78.67,82.36 4 1
github.com/site24x7/terraform-provider-site24x7/api/endpoints/location_profiles.go:91.2,91.34 1 1
github.com/site24x7/terraform-provider-site24x7/api/endpoints/location_profiles.go:82.36,90.3 3 1
github.com/site24x7/terraform-provider-site24x7/api/endpoints/location_template.go:16.63,20.2 1 0
github.com/site24x7/terraform-provider-site24x7/api/endpoints/location_template.go:22.65,31.2 3 0
github.com/site24x7/terraform-provider-site24x7/api/endpoints/monitor_groups.go:21.57,25.2 1 4
github.com/site24x7/terraform-provider-site24x7/api/endpoints/monitor_groups.go:27.72,37.2 3 1
github.com/site24x7/terraform-provider-site24x7/api/endpoints/monitor_groups.go:39.84,50.2 3 1
github.com/site24x7/terraform-provider-site24x7/api/endpoints/monitor_groups.go:52.84,67.2 6 0
github.com/site24x7/terraform-provider-site24x7/api/endpoints/monitor_groups.go:69.54,76.2 1 1
github.com/site24x7/terraform-provider-site24x7/api/endpoints/monitor_groups.go:78.61,82.33 4 1
github.com/site24x7/terraform-provider-site24x7/api/endpoints/monitor_groups.go:91.2,91.31 1 1
github.com/site24x7/terraform-provider-site24x7/api/endpoints/monitor_groups.go:82.33,90.3 3 1
github.com/site24x7/terraform-provider-site24x7/api/endpoints/msp.go:16.37,20.2 1 0
github.com/site24x7/terraform-provider-site24x7/api/endpoints/msp.go:22.50,30.2 3 0
github.com/site24x7/terraform-provider-site24x7/api/endpoints/tags.go:20.39,24.2 1 5
github.com/site24x7/terraform-provider-site24x7/api/endpoints/tags.go:26.52,36.2 3 1
github.com/site24x7/terraform-provider-site24x7/api/endpoints/tags.go:38.55,49.2 3 1
github.com/site24x7/terraform-provider-site24x7/api/endpoints/tags.go:51.55,63.2 3 1
github.com/site24x7/terraform-provider-site24x7/api/endpoints/tags.go:65.43,72.2 1 1
github.com/site24x7/terraform-provider-site24x7/api/endpoints/tags.go:74.43,78.28 4 1
github.com/site24x7/terraform-provider-site24x7/api/endpoints/tags.go:87.2,87.26 1 1
github.com/site24x7/terraform-provider-site24x7/api/endpoints/tags.go:78.28,86.3 3 1
github.com/site24x7/terraform-provider-site24x7/fake/client.go:45.26,76.2 1 2
github.com/site24x7/terraform-provider-site24x7/fake/client.go:79.58,81.2 1 0
github.com/site24x7/terraform-provider-site24x7/fake/client.go:84.52,86.2 1 0
github.com/site24x7/terraform-provider-site24x7/fake/client.go:89.64,91.2 1 0
github.com/site24x7/terraform-provider-site24x7/fake/client.go:94.64,96.2 1 0
github.com/site24x7/terraform-provider-site24x7/fake/client.go:99.61,101.2 1 2
github.com/site24x7/terraform-provider-site24x7/fake/client.go:104.65,106.2 1 2
github.com/site24x7/terraform-provider-site24x7/fake/client.go:109.71,111.2 1 0
github.com/site24x7/terraform-provider-site24x7/fake/client.go:114.53,116.2 1 0
github.com/site24x7/terraform-provider-site24x7/fake/client.go:119.65,121.2 1 0
github.com/site24x7/terraform-provider-site24x7/fake/client.go:124.61,126.2 1 0
github.com/site24x7/terraform-provider-site24x7/fake/client.go:129.59,131.2 1 0
github.com/site24x7/terraform-provider-site24x7/fake/client.go:134.59,136.2 1 0
github.com/site24x7/terraform-provider-site24x7/fake/client.go:139.58,141.2 1 0
github.com/site24x7/terraform-provider-site24x7/fake/client.go:144.50,146.2 1 0
github.com/site24x7/terraform-provider-site24x7/fake/client.go:149.40,151.2 1 0
github.com/site24x7/terraform-provider-site24x7/fake/client.go:154.72,156.2 1 0
github.com/site24x7/terraform-provider-site24x7/fake/client.go:159.66,161.2 1 0
github.com/site24x7/terraform-provider-site24x7/fake/client.go:164.52,166.2 1 0
github.com/site24x7/terraform-provider-site24x7/fake/client.go:169.72,171.2 1 0
github.com/site24x7/terraform-provider-site24x7/fake/client.go:174.66,176.2 1 0
github.com/site24x7/terraform-provider-site24x7/fake/client.go:179.74,181.2 1 0
github.com/site24x7/terraform-provider-site24x7/fake/client.go:184.76,186.2 1 0
github.com/site24x7/terraform-provider-site24x7/fake/client.go:189.78,191.2 1 0
github.com/site24x7/terraform-provider-site24x7/fake/client.go:194.72,196.2 1 0
github.com/site24x7/terraform-provider-site24x7/fake/client.go:199.70,201.2 1 0
github.com/site24x7/terraform-provider-site24x7/fake/client.go:204.78,206.2 1 0
github.com/site24x7/terraform-provider-site24x7/fake/client.go:209.67,211.2 1 0
github.com/site24x7/terraform-provider-site24x7/fake/client.go:214.38,216.2 1 0
github.com/site24x7/terraform-provider-site24x7/api/endpoints/monitors/dns_server_impl.go:22.65,26.2 1 8
github.com/site24x7/terraform-provider-site24x7/api/endpoints/monitors/dns_server_impl.go:28.82,38.2 3 1
github.com/site24x7/terraform-provider-site24x7/api/endpoints/monitors/dns_server_impl.go:40.98,50.2 3 2
github.com/site24x7/terraform-provider-site24x7/api/endpoints/monitors/dns_server_impl.go:52.98,64.2 3 2
github.com/site24x7/terraform-provider-site24x7/api/endpoints/monitors/dns_server_impl.go:66.60,73.2 1 2
github.com/site24x7/terraform-provider-site24x7/api/endpoints/monitors/dns_server_impl.go:75.69,84.2 3 1
github.com/site24x7/terraform-provider-site24x7/api/endpoints/monitors/dns_server_impl.go:86.62,93.2 1 0
github.com/site24x7/terraform-provider-site24x7/api/endpoints/monitors/dns_server_impl.go:95.61,102.2 1 0
github.com/site24x7/terraform-provider-site24x7/api/endpoints/monitors/heartbeat_impl.go:22.65,26.2 1 5
github.com/site24x7/terraform-provider-site24x7/api/endpoints/monitors/heartbeat_impl.go:28.82,38.2 3 1
github.com/site24x7/terraform-provider-site24x7/api/endpoints/monitors/heartbeat_impl.go:40.98,51.2 3 1
github.com/site24x7/terraform-provider-site24x7/api/endpoints/monitors/heartbeat_impl.go:53.98,65.2 3 1
github.com/site24x7/terraform-provider-site24x7/api/endpoints/monitors/heartbeat_impl.go:67.60,74.2 1 1
github.com/site24x7/terraform-provider-site24x7/api/endpoints/monitors/heartbeat_impl.go:76.69,85.2 3 1
github.com/site24x7/terraform-provider-site24x7/api/endpoints/monitors/heartbeat_impl.go:87.62,94.2 1 0
github.com/site24x7/terraform-provider-site24x7/api/endpoints/monitors/heartbeat_impl.go:96.61,103.2 1 0
github.com/site24x7/terraform-provider-site24x7/api/endpoints/monitors/rest_api_impl.go:22.61,26.2 1 5
github.com/site24x7/terraform-provider-site24x7/api/endpoints/monitors/rest_api_impl.go:28.78,38.2 3 1
github.com/site24x7/terraform-provider-site24x7/api/endpoints/monitors/rest_api_impl.go:40.92,51.2 3 1
github.com/site24x7/terraform-provider-site24x7/api/endpoints/monitors/rest_api_impl.go:53.92,65.2 3 1
github.com/site24x7/terraform-provider-site24x7/api/endpoints/monitors/rest_api_impl.go:67.58,74.2 1 1
github.com/site24x7/terraform-provider-site24x7/api/endpoints/monitors/rest_api_impl.go:76.65,85.2 3 1
github.com/site24x7/terraform-provider-site24x7/api/endpoints/monitors/rest_api_impl.go:87.60,94.2 1 0
github.com/site24x7/terraform-provider-site24x7/api/endpoints/monitors/rest_api_impl.go:96.59,103.2 1 0
github.com/site24x7/terraform-provider-site24x7/api/endpoints/monitors/server_impl.go:22.59,26.2 1 4
github.com/site24x7/terraform-provider-site24x7/api/endpoints/monitors/server_impl.go:28.76,38.2 3 1
github.com/site24x7/terraform-provider-site24x7/api/endpoints/monitors/server_impl.go:40.89,51.2 3 0
github.com/site24x7/terraform-provider-site24x7/api/endpoints/monitors/server_impl.go:53.89,65.2 3 1
github.com/site24x7/terraform-provider-site24x7/api/endpoints/monitors/server_impl.go:67.57,74.2 1 1
github.com/site24x7/terraform-provider-site24x7/api/endpoints/monitors/server_impl.go:76.63,85.2 3 1
github.com/site24x7/terraform-provider-site24x7/api/endpoints/monitors/server_impl.go:87.59,94.2 1 0
github.com/site24x7/terraform-provider-site24x7/api/endpoints/monitors/server_impl.go:96.58,103.2 1 0
github.com/site24x7/terraform-provider-site24x7/api/endpoints/monitors/ssl_impl.go:22.53,26.2 1 5
github.com/site24x7/terraform-provider-site24x7/api/endpoints/monitors/ssl_impl.go:28.70,38.2 3 1
github.com/site24x7/terraform-provider-site24x7/api/endpoints/monitors/ssl_impl.go:40.80,51.2 3 1
github.com/site24x7/terraform-provider-site24x7/api/endpoints/monitors/ssl_impl.go:53.80,65.2 3 1
github.com/site24x7/terraform-provider-site24x7/api/endpoints/monitors/ssl_impl.go:67.54,74.2 1 1
github.com/site24x7/terraform-provider-site24x7/api/endpoints/monitors/ssl_impl.go:76.57,85.2 3 1
github.com/site24x7/terraform-provider-site24x7/api/endpoints/monitors/ssl_impl.go:87.56,94.2 1 0
github.com/site24x7/terraform-provider-site24x7/api/endpoints/monitors/ssl_impl.go:96.55,103.2 1 0
github.com/site24x7/terraform-provider-site24x7/api/endpoints/monitors/web_page_speed_impl.go:22.71,26.2 1 8
github.com/site24x7/terraform-provider-site24x7/api/endpoints/monitors/web_page_speed_impl.go:28.88,38.2 3 1
github.com/site24x7/terraform-provider-site24x7/api/endpoints/monitors/web_page_speed_impl.go:40.107,51.2 3 2
github.com/site24x7/terraform-provider-site24x7/api/endpoints/monitors/web_page_speed_impl.go:53.107,65.2 3 2
github.com/site24x7/terraform-provider-site24x7/api/endpoints/monitors/web_page_speed_impl.go:67.63,74.2 1 2
github.com/site24x7/terraform-provider-site24x7/api/endpoints/monitors/web_page_speed_impl.go:76.75,85.2 3 1
github.com/site24x7/terraform-provider-site24x7/api/endpoints/monitors/web_page_speed_impl.go:87.65,94.2 1 0
github.com/site24x7/terraform-provider-site24x7/api/endpoints/monitors/web_page_speed_impl.go:96.64,103.2 1 0
github.com/site24x7/terraform-provider-site24x7/api/endpoints/monitors/website_impl.go:22.54,26.2 1 8
github.com/site24x7/terraform-provider-site24x7/api/endpoints/monitors/website_impl.go:28.78,38.2 3 1
github.com/site24x7/terraform-provider-site24x7/api/endpoints/monitors/website_impl.go:40.92,50.2 3 2
github.com/site24x7/terraform-provider-site24x7/api/endpoints/monitors/website_impl.go:52.92,64.2 3 2
github.com/site24x7/terraform-provider-site24x7/api/endpoints/monitors/website_impl.go:66.58,73.2 1 2
github.com/site24x7/terraform-provider-site24x7/api/endpoints/monitors/website_impl.go:75.65,84.2 3 1
github.com/site24x7/terraform-provider-site24x7/api/endpoints/monitors/website_impl.go:86.60,93.2 1 0
github.com/site24x7/terraform-provider-site24x7/api/endpoints/monitors/website_impl.go:95.59,102.2 1 0
github.com/site24x7/terraform-provider-site24x7/api/endpoints/monitors/amazon_impl.go:22.59,26.2 1 5
github.com/site24x7/terraform-provider-site24x7/api/endpoints/monitors/amazon_impl.go:28.76,38.2 3 1
github.com/site24x7/terraform-provider-site24x7/api/endpoints/monitors/amazon_impl.go:40.89,51.2 3 1
github.com/site24x7/terraform-provider-site24x7/api/endpoints/monitors/amazon_impl.go:53.89,65.2 3 1
github.com/site24x7/terraform-provider-site24x7/api/endpoints/monitors/amazon_impl.go:67.57,74.2 1 1
github.com/site24x7/terraform-provider-site24x7/api/endpoints/monitors/amazon_impl.go:76.63,85.2 3 1
github.com/site24x7/terraform-provider-site24x7/api/endpoints/monitors/amazon_impl.go:87.59,94.2 1 0
github.com/site24x7/terraform-provider-site24x7/api/endpoints/monitors/amazon_impl.go:96.58,103.2 1 0
github.com/site24x7/terraform-provider-site24x7/site24x7/common/schedule_maintenance.go:104.61,114.2 1 0
github.com/site24x7/terraform-provider-site24x7/site24x7/common/schedule_maintenance.go:116.80,122.16 4 2
github.com/site24x7/terraform-provider-site24x7/site24x7/common/schedule_maintenance.go:126.2,128.12 2 1
github.com/site24x7/terraform-provider-site24x7/site24x7/common/schedule_maintenance.go:122.16,124.3 1 1
github.com/site24x7/terraform-provider-site24x7/site24x7/common/schedule_maintenance.go:131.78,135.16 3 2
github.com/site24x7/terraform-provider-site24x7/site24x7/common/schedule_maintenance.go:139.2,141.12 2 1
github.com/site24x7/terraform-provider-site24x7/site24x7/common/schedule_maintenance.go:135.16,137.3 1 1
github.com/site24x7/terraform-provider-site24x7/site24x7/common/schedule_maintenance.go:144.80,150.16 4 2
github.com/site24x7/terraform-provider-site24x7/site24x7/common/schedule_maintenance.go:154.2,156.12 2 1
github.com/site24x7/terraform-provider-site24x7/site24x7/common/schedule_maintenance.go:150.16,152.3 1 1
github.com/site24x7/terraform-provider-site24x7/site24x7/common/schedule_maintenance.go:159.80,163.31 3 2
github.com/site24x7/terraform-provider-site24x7/site24x7/common/schedule_maintenance.go:167.2,167.12 1 1
github.com/site24x7/terraform-provider-site24x7/site24x7/common/schedule_maintenance.go:163.31,165.3 1 1
github.com/site24x7/terraform-provider-site24x7/site24x7/common/schedule_maintenance.go:170.88,174.31 3 3
github.com/site24x7/terraform-provider-site24x7/site24x7/common/schedule_maintenance.go:178.2,178.16 1 2
github.com/site24x7/terraform-provider-site24x7/site24x7/common/schedule_maintenance.go:182.2,182.18 1 1
github.com/site24x7/terraform-provider-site24x7/site24x7/common/schedule_maintenance.go:174.31,176.3 1 1
github.com/site24x7/terraform-provider-site24x7/site24x7/common/schedule_maintenance.go:178.16,180.3 1 1
github.com/site24x7/terraform-provider-site24x7/site24x7/common/schedule_maintenance.go:185.89,188.55 2 4
github.com/site24x7/terraform-provider-site24x7/site24x7/common/schedule_maintenance.go:192.2,193.61 2 4
github.com/site24x7/terraform-provider-site24x7/site24x7/common/schedule_maintenance.go:197.2,198.51 2 4
github.com/site24x7/terraform-provider-site24x7/site24x7/common/schedule_maintenance.go:202.2,216.3 1 4
github.com/site24x7/terraform-provider-site24x7/site24x7/common/schedule_maintenance.go:188.55,190.3 1 8
github.com/site24x7/terraform-provider-site24x7/site24x7/common/schedule_maintenance.go:193.61,195.3 1 0
github.com/site24x7/terraform-provider-site24x7/site24x7/common/schedule_maintenance.go:198.51,200.3 1 0
github.com/site24x7/terraform-provider-site24x7/site24x7/common/schedule_maintenance.go:220.114,232.2 11 1
github.com/site24x7/terraform-provider-site24x7/provider/provider.go:17.44,119.2 1 3
github.com/site24x7/terraform-provider-site24x7/provider/provider.go:121.69,123.42 2 0
github.com/site24x7/terraform-provider-site24x7/provider/provider.go:126.2,145.34 5 0
github.com/site24x7/terraform-provider-site24x7/provider/provider.go:123.42,125.3 1 0
github.com/site24x7/terraform-provider-site24x7/site24x7/location_profile_data_source.go:58.59,63.2 1 0
github.com/site24x7/terraform-provider-site24x7/site24x7/location_profile_data_source.go:66.84,70.16 3 0
github.com/site24x7/terraform-provider-site24x7/site24x7/location_profile_data_source.go:74.2,79.21 4 0
github.com/site24x7/terraform-provider-site24x7/site24x7/location_profile_data_source.go:102.2,102.28 1 0
github.com/site24x7/terraform-provider-site24x7/site24x7/location_profile_data_source.go:106.2,108.12 2 0
github.com/site24x7/terraform-provider-site24x7/site24x7/location_profile_data_source.go:70.16,72.3 1 0
github.com/site24x7/terraform-provider-site24x7/site24x7/location_profile_data_source.go:79.21,82.51 2 0
github.com/site24x7/terraform-provider-site24x7/site24x7/location_profile_data_source.go:82.51,83.40 1 0
github.com/site24x7/terraform-provider-site24x7/site24x7/location_profile_data_source.go:83.40,84.88 1 0
github.com/site24x7/terraform-provider-site24x7/site24x7/location_profile_data_source.go:84.88,93.6 8 0
github.com/site24x7/terraform-provider-site24x7/site24x7/location_profile_data_source.go:93.11,93.95 1 0
github.com/site24x7/terraform-provider-site24x7/site24x7/location_profile_data_source.go:93.95,95.6 1 0
github.com/site24x7/terraform-provider-site24x7/site24x7/location_profile_data_source.go:98.8,100.3 1 0
github.com/site24x7/terraform-provider-site24x7/site24x7/location_profile_data_source.go:102.28,104.3 1 0
github.com/site24x7/terraform-provider-site24x7/site24x7/location_profile_data_source.go:111.157,119.2 7 0
github.com/site24x7/terraform-provider-site24x7/site24x7/notification_profile_data_source.go:57.63,62.2 1 0
github.com/site24x7/terraform-provider-site24x7/site24x7/notification_profile_data_source.go:65.88,69.16 3 0
github.com/site24x7/terraform-provider-site24x7/site24x7/notification_profile_data_source.go:73.2,79.21 5 0
github.com/site24x7/terraform-provider-site24x7/site24x7/notification_profile_data_source.go:104.2,104.32 1 0
github.com/site24x7/terraform-provider-site24x7/site24x7/notification_profile_data_source.go:108.2,110.12 2 0
github.com/site24x7/terraform-provider-site24x7/site24x7/notification_profile_data_source.go:69.16,71.3 1 0
github.com/site24x7/terraform-provider-site24x7/site24x7/notification_profile_data_source.go:79.21,82.55 2 0
github.com/site24x7/terraform-provider-site24x7/site24x7/notification_profile_data_source.go:82.55,83.40 1 0
github.com/site24x7/terraform-provider-site24x7/site24x7/notification_profile_data_source.go:83.40,84.92 1 0
github.com/site24x7/terraform-provider-site24x7/site24x7/notification_profile_data_source.go:84.92,94.6 9 0
github.com/site24x7/terraform-provider-site24x7/site24x7/notification_profile_data_source.go:94.11,94.99 1 0
github.com/site24x7/terraform-provider-site24x7/site24x7/notification_profile_data_source.go:94.99,97.6 2 0
github.com/site24x7/terraform-provider-site24x7/site24x7/notification_profile_data_source.go:100.8,102.3 1 0
github.com/site24x7/terraform-provider-site24x7/site24x7/notification_profile_data_source.go:104.32,106.3 1 0
github.com/site24x7/terraform-provider-site24x7/site24x7/notification_profile_data_source.go:113.214,122.2 8 0
github.com/site24x7/terraform-provider-site24x7/site24x7/url_action.go:94.51,104.2 1 0
github.com/site24x7/terraform-provider-site24x7/site24x7/url_action.go:106.70,112.16 4 2
github.com/site24x7/terraform-provider-site24x7/site24x7/url_action.go:116.2,118.12 2 1
github.com/site24x7/terraform-provider-site24x7/site24x7/url_action.go:112.16,114.3 1 1
github.com/site24x7/terraform-provider-site24x7/site24x7/url_action.go:121.68,125.16 3 2
github.com/site24x7/terraform-provider-site24x7/site24x7/url_action.go:129.2,131.12 2 1
github.com/site24x7/terraform-provider-site24x7/site24x7/url_action.go:125.16,127.3 1 1
github.com/site24x7/terraform-provider-site24x7/site24x7/url_action.go:134.70,140.16 4 2
github.com/site24x7/terraform-provider-site24x7/site24x7/url_action.go:144.2,146.12 2 1
github.com/site24x7/terraform-provider-site24x7/site24x7/url_action.go:140.16,142.3 1 1
github.com/site24x7/terraform-provider-site24x7/site24x7/url_action.go:149.70,153.31 3 2
github.com/site24x7/terraform-provider-site24x7/site24x7/url_action.go:157.2,157.12 1 1
github.com/site24x7/terraform-provider-site24x7/site24x7/url_action.go:153.31,155.3 1 1
github.com/site24x7/terraform-provider-site24x7/site24x7/url_action.go:160.78,164.31 3 3
github.com/site24x7/terraform-provider-site24x7/site24x7/url_action.go:168.2,168.16 1 2
github.com/site24x7/terraform-provider-site24x7/site24x7/url_action.go:172.2,172.18 1 1
github.com/site24x7/terraform-provider-site24x7/site24x7/url_action.go:164.31,166.3 1 1
github.com/site24x7/terraform-provider-site24x7/site24x7/url_action.go:168.16,170.3 1 1
github.com/site24x7/terraform-provider-site24x7/site24x7/url_action.go:175.69,191.2 1 4
github.com/site24x7/terraform-provider-site24x7/site24x7/url_action.go:193.85,206.2 12 1
github.com/site24x7/terraform-provider-site24x7/site24x7/client.go:61.64,63.22 2 0
github.com/site24x7/terraform-provider-site24x7/site24x7/client.go:67.2,67.32 1 0
github.com/site24x7/terraform-provider-site24x7/site24x7/client.go:63.22,65.3 1 0
github.com/site24x7/terraform-provider-site24x7/site24x7/client.go:114.27,121.2 2 0
github.com/site24x7/terraform-provider-site24x7/site24x7/client.go:126.56,133.19 2 0
github.com/site24x7/terraform-provider-site24x7/site24x7/client.go:136.2,138.3 1 0
github.com/site24x7/terraform-provider-site24x7/site24x7/client.go:133.19,135.3 1 0
github.com/site24x7/terraform-provider-site24x7/site24x7/client.go:152.58,154.2 1 0
github.com/site24x7/terraform-provider-site24x7/site24x7/client.go:157.64,159.2 1 0
github.com/site24x7/terraform-provider-site24x7/site24x7/client.go:162.67,164.2 1 0
github.com/site24x7/terraform-provider-site24x7/site24x7/client.go:167.64,169.2 1 0
github.com/site24x7/terraform-provider-site24x7/site24x7/client.go:172.59,174.2 1 0
github.com/site24x7/terraform-provider-site24x7/site24x7/client.go:177.61,179.2 1 0
github.com/site24x7/terraform-provider-site24x7/site24x7/client.go:182.65,184.2 1 0
github.com/site24x7/terraform-provider-site24x7/site24x7/client.go:187.71,189.2 1 0
github.com/site24x7/terraform-provider-site24x7/site24x7/client.go:192.53,194.2 1 0
github.com/site24x7/terraform-provider-site24x7/site24x7/client.go:197.65,199.2 1 0
github.com/site24x7/terraform-provider-site24x7/site24x7/client.go:202.59,204.2 1 0
github.com/site24x7/terraform-provider-site24x7/site24x7/client.go:207.61,209.2 1 0
github.com/site24x7/terraform-provider-site24x7/site24x7/client.go:212.58,214.2 1 0
github.com/site24x7/terraform-provider-site24x7/site24x7/client.go:217.50,219.2 1 0
github.com/site24x7/terraform-provider-site24x7/site24x7/client.go:222.40,224.2 1 0
github.com/site24x7/terraform-provider-site24x7/site24x7/client.go:227.72,229.2 1 0
github.com/site24x7/terraform-provider-site24x7/site24x7/client.go:232.66,234.2 1 0
github.com/site24x7/terraform-provider-site24x7/site24x7/client.go:237.52,239.2 1 0
github.com/site24x7/terraform-provider-site24x7/site24x7/client.go:242.52,244.2 1 0
github.com/site24x7/terraform-provider-site24x7/site24x7/client.go:247.72,249.2 1 0
github.com/site24x7/terraform-provider-site24x7/site24x7/client.go:252.66,254.2 1 0
github.com/site24x7/terraform-provider-site24x7/site24x7/client.go:257.70,259.2 1 0
github.com/site24x7/terraform-provider-site24x7/site24x7/client.go:262.74,264.2 1 0
github.com/site24x7/terraform-provider-site24x7/site24x7/client.go:267.76,269.2 1 0
github.com/site24x7/terraform-provider-site24x7/site24x7/client.go:272.78,274.2 1 0
github.com/site24x7/terraform-provider-site24x7/site24x7/client.go:277.72,279.2 1 0
github.com/site24x7/terraform-provider-site24x7/site24x7/client.go:282.78,284.2 1 0
github.com/site24x7/terraform-provider-site24x7/site24x7/client.go:287.38,289.2 1 0
github.com/site24x7/terraform-provider-site24x7/site24x7/it_automation_data_source.go:91.56,96.2 1 0
github.com/site24x7/terraform-provider-site24x7/site24x7/it_automation_data_source.go:99.81,103.16 3 0
github.com/site24x7/terraform-provider-site24x7/site24x7/it_automation_data_source.go:107.2,112.21 5 0
github.com/site24x7/terraform-provider-site24x7/site24x7/it_automation_data_source.go:147.2,147.25 1 0
github.com/site24x7/terraform-provider-site24x7/site24x7/it_automation_data_source.go:151.2,153.12 2 0
github.com/site24x7/terraform-provider-site24x7/site24x7/it_automation_data_source.go:103.16,105.3 1 0
github.com/site24x7/terraform-provider-site24x7/site24x7/it_automation_data_source.go:112.21,115.47 2 0
github.com/site24x7/terraform-provider-site24x7/site24x7/it_automation_data_source.go:115.47,116.38 1 0
github.com/site24x7/terraform-provider-site24x7/site24x7/it_automation_data_source.go:116.38,117.83 1 0
github.com/site24x7/terraform-provider-site24x7/site24x7/it_automation_data_source.go:117.83,137.6 18 0
github.com/site24x7/terraform-provider-site24x7/site24x7/it_automation_data_source.go:137.11,137.90 1 0
github.com/site24x7/terraform-provider-site24x7/site24x7/it_automation_data_source.go:137.90,140.6 2 0
github.com/site24x7/terraform-provider-site24x7/site24x7/it_automation_data_source.go:143.8,145.3 1 0
github.com/site24x7/terraform-provider-site24x7/site24x7/it_automation_data_source.go:147.25,149.3 1 0
github.com/site24x7/terraform-provider-site24x7/site24x7/it_automation_data_source.go:156.176,172.2 15 0
github.com/site24x7/terraform-provider-site24x7/site24x7/location_profile.go:53.57,63.2 1 0
github.com/site24x7/terraform-provider-site24x7/site24x7/location_profile.go:65.76,71.16 4 2
github.com/site24x7/terraform-provider-site24x7/site24x7/location_profile.go:75.2,77.12 2 1
github.com/site24x7/terraform-provider-site24x7/site24x7/location_profile.go:71.16,73.3 1 1
github.com/site24x7/terraform-provider-site24x7/site24x7/location_profile.go:80.74,84.16 3 2
github.com/site24x7/terraform-provider-site24x7/site24x7/location_profile.go:88.2,90.12 2 1
github.com/site24x7/terraform-provider-site24x7/site24x7/location_profile.go:84.16,86.3 1 1
github.com/site24x7/terraform-provider-site24x7/site24x7/location_profile.go:93.76,99.16 4 2
github.com/site24x7/terraform-provider-site24x7/site24x7/location_profile.go:103.2,105.12 2 1
github.com/site24x7/terraform-provider-site24x7/site24x7/location_profile.go:99.16,101.3 1 1
github.com/site24x7/terraform-provider-site24x7/site24x7/location_profile.go:108.76,112.31 3 2
github.com/site24x7/terraform-provider-site24x7/site24x7/location_profile.go:116.2,116.12 1 1
github.com/site24x7/terraform-provider-site24x7/site24x7/location_profile.go:112.31,114.3 1 1
github.com/site24x7/terraform-provider-site24x7/site24x7/location_profile.go:119.84,123.31 3 3
github.com/site24x7/terraform-provider-site24x7/site24x7/location_profile.go:127.2,127.16 1 2
github.com/site24x7/terraform-provider-site24x7/site24x7/location_profile.go:131.2,131.18 1 1
github.com/site24x7/terraform-provider-site24x7/site24x7/location_profile.go:123.31,125.3 1 1
github.com/site24x7/terraform-provider-site24x7/site24x7/location_profile.go:127.16,129.3 1 1
github.com/site24x7/terraform-provider-site24x7/site24x7/location_profile.go:134.81,138.39 3 4
github.com/site24x7/terraform-provider-site24x7/site24x7/location_profile.go:141.2,148.3 1 4
github.com/site24x7/terraform-provider-site24x7/site24x7/location_profile.go:138.39,140.3 1 4
github.com/site24x7/terraform-provider-site24x7/site24x7/location_profile.go:152.102,158.2 5 1
github.com/site24x7/terraform-provider-site24x7/site24x7/tag_data_source.go:60.47,65.2 1 0
github.com/site24x7/terraform-provider-site24x7/site24x7/tag_data_source.go:68.72,72.16 3 0
github.com/site24x7/terraform-provider-site24x7/site24x7/tag_data_source.go:75.2,80.21 6 0
github.com/site24x7/terraform-provider-site24x7/site24x7/tag_data_source.go:128.2,128.16 1 0
github.com/site24x7/terraform-provider-site24x7/site24x7/tag_data_source.go:132.2,134.12 2 0
github.com/site24x7/terraform-provider-site24x7/site24x7/tag_data_source.go:72.16,74.3 1 0
github.com/site24x7/terraform-provider-site24x7/site24x7/tag_data_source.go:80.21,84.23 3 0
github.com/site24x7/terraform-provider-site24x7/site24x7/tag_data_source.go:87.3,87.36 1 0
github.com/site24x7/terraform-provider-site24x7/site24x7/tag_data_source.go:84.23,86.4 1 0
github.com/site24x7/terraform-provider-site24x7/site24x7/tag_data_source.go:87.36,89.43 1 0
github.com/site24x7/terraform-provider-site24x7/site24x7/tag_data_source.go:89.43,90.62 1 0
github.com/site24x7/terraform-provider-site24x7/site24x7/tag_data_source.go:90.62,91.120 1 0
github.com/site24x7/terraform-provider-site24x7/site24x7/tag_data_source.go:91.120,100.7 8 0
github.com/site24x7/terraform-provider-site24x7/site24x7/tag_data_source.go:100.12,100.127 1 0
github.com/site24x7/terraform-provider-site24x7/site24x7/tag_data_source.go:100.127,103.7 2 0
github.com/site24x7/terraform-provider-site24x7/site24x7/tag_data_source.go:105.10,106.33 1 0
github.com/site24x7/terraform-provider-site24x7/site24x7/tag_data_source.go:106.33,107.69 1 0
github.com/site24x7/terraform-provider-site24x7/site24x7/tag_data_source.go:107.69,116.7 8 0
github.com/site24x7/terraform-provider-site24x7/site24x7/tag_data_source.go:116.12,116.76 1 0
github.com/site24x7/terraform-provider-site24x7/site24x7/tag_data_source.go:116.76,119.7 2 0
github.com/site24x7/terraform-provider-site24x7/site24x7/tag_data_source.go:124.8,126.3 1 0
github.com/site24x7/terraform-provider-site24x7/site24x7/tag_data_source.go:128.16,130.3 1 0
github.com/site24x7/terraform-provider-site24x7/site24x7/tag_data_source.go:137.134,145.2 7 0
github.com/site24x7/terraform-provider-site24x7/site24x7/user_group.go:48.51,58.2 1 0
github.com/site24x7/terraform-provider-site24x7/site24x7/user_group.go:60.70,66.16 4 2
github.com/site24x7/terraform-provider-site24x7/site24x7/user_group.go:70.2,72.12 2 1
github.com/site24x7/terraform-provider-site24x7/site24x7/user_group.go:66.16,68.3 1 1
github.com/site24x7/terraform-provider-site24x7/site24x7/user_group.go:75.68,79.16 3 2
github.com/site24x7/terraform-provider-site24x7/site24x7/user_group.go:83.2,85.12 2 1
github.com/site24x7/terraform-provider-site24x7/site24x7/user_group.go:79.16,81.3 1 1
github.com/site24x7/terraform-provider-site24x7/site24x7/user_group.go:88.70,94.16 4 2
github.com/site24x7/terraform-provider-site24x7/site24x7/user_group.go:98.2,100.12 2 1
github.com/site24x7/terraform-provider-site24x7/site24x7/user_group.go:94.16,96.3 1 1
github.com/site24x7/terraform-provider-site24x7/site24x7/user_group.go:103.70,107.31 3 2
github.com/site24x7/terraform-provider-site24x7/site24x7/user_group.go:111.2,111.12 1 1
github.com/site24x7/terraform-provider-site24x7/site24x7/user_group.go:107.31,109.3 1 1
github.com/site24x7/terraform-provider-site24x7/site24x7/user_group.go:114.78,118.31 3 3
github.com/site24x7/terraform-provider-site24x7/site24x7/user_group.go:122.2,122.16 1 2
github.com/site24x7/terraform-provider-site24x7/site24x7/user_group.go:126.2,126.18 1 1
github.com/site24x7/terraform-provider-site24x7/site24x7/user_group.go:118.31,120.3 1 1
github.com/site24x7/terraform-provider-site24x7/site24x7/user_group.go:122.16,124.3 1 1
github.com/site24x7/terraform-provider-site24x7/site24x7/user_group.go:129.69,133.26 3 4
github.com/site24x7/terraform-provider-site24x7/site24x7/user_group.go:137.2,143.3 1 4
github.com/site24x7/terraform-provider-site24x7/site24x7/user_group.go:133.26,135.3 1 4
github.com/site24x7/terraform-provider-site24x7/site24x7/user_group.go:147.84,152.2 4 1
github.com/site24x7/terraform-provider-site24x7/site24x7/msp_data_source.go:46.47,51.2 1 0
github.com/site24x7/terraform-provider-site24x7/site24x7/msp_data_source.go:54.72,58.16 3 0
github.com/site24x7/terraform-provider-site24x7/site24x7/msp_data_source.go:62.2,68.21 5 0
github.com/site24x7/terraform-provider-site24x7/site24x7/msp_data_source.go:91.2,91.24 1 0
github.com/site24x7/terraform-provider-site24x7/site24x7/msp_data_source.go:94.2,96.12 2 0
github.com/site24x7/terraform-provider-site24x7/site24x7/msp_data_source.go:58.16,60.3 1 0
github.com/site24x7/terraform-provider-site24x7/site24x7/msp_data_source.go:68.21,71.40 2 0
github.com/site24x7/terraform-provider-site24x7/site24x7/msp_data_source.go:71.40,72.34 1 0
github.com/site24x7/terraform-provider-site24x7/site24x7/msp_data_source.go:72.34,74.78 1 0
github.com/site24x7/terraform-provider-site24x7/site24x7/msp_data_source.go:74.78,81.6 6 0
github.com/site24x7/terraform-provider-site24x7/site24x7/msp_data_source.go:81.11,81.85 1 0
github.com/site24x7/terraform-provider-site24x7/site24x7/msp_data_source.go:81.85,84.6 2 0
github.com/site24x7/terraform-provider-site24x7/site24x7/msp_data_source.go:87.8,89.3 1 0
github.com/site24x7/terraform-provider-site24x7/site24x7/msp_data_source.go:91.24,93.3 1 0
github.com/site24x7/terraform-provider-site24x7/site24x7/msp_data_source.go:99.150,106.2 6 0
github.com/site24x7/terraform-provider-site24x7/site24x7/notification_profile.go:186.61,196.2 1 0
github.com/site24x7/terraform-provider-site24x7/site24x7/notification_profile.go:198.80,204.16 4 2
github.com/site24x7/terraform-provider-site24x7/site24x7/notification_profile.go:208.2,210.12 2 1
github.com/site24x7/terraform-provider-site24x7/site24x7/notification_profile.go:204.16,206.3 1 1
github.com/site24x7/terraform-provider-site24x7/site24x7/notification_profile.go:213.78,217.16 3 2
github.com/site24x7/terraform-provider-site24x7/site24x7/notification_profile.go:221.2,223.12 2 1
github.com/site24x7/terraform-provider-site24x7/site24x7/notification_profile.go:217.16,219.3 1 1
github.com/site24x7/terraform-provider-site24x7/site24x7/notification_profile.go:226.80,232.16 4 2
github.com/site24x7/terraform-provider-site24x7/site24x7/notification_profile.go:236.2,238.12 2 1
github.com/site24x7/terraform-provider-site24x7/site24x7/notification_profile.go:232.16,234.3 1 1
github.com/site24x7/terraform-provider-site24x7/site24x7/notification_profile.go:241.80,245.31 3 2
github.com/site24x7/terraform-provider-site24x7/site24x7/notification_profile.go:249.2,249.12 1 1
github.com/site24x7/terraform-provider-site24x7/site24x7/notification_profile.go:245.31,247.3 1 1
github.com/site24x7/terraform-provider-site24x7/site24x7/notification_profile.go:252.88,256.31 3 3
github.com/site24x7/terraform-provider-site24x7/site24x7/notification_profile.go:260.2,260.16 1 2
github.com/site24x7/terraform-provider-site24x7/site24x7/notification_profile.go:264.2,264.18 1 1
github.com/site24x7/terraform-provider-site24x7/site24x7/notification_profile.go:256.31,258.3 1 1
github.com/site24x7/terraform-provider-site24x7/site24x7/notification_profile.go:260.16,262.3 1 1
github.com/site24x7/terraform-provider-site24x7/site24x7/notification_profile.go:267.89,270.78 2 4
github.com/site24x7/terraform-provider-site24x7/site24x7/notification_profile.go:276.2,277.101 2 4
github.com/site24x7/terraform-provider-site24x7/site24x7/notification_profile.go:283.2,284.99 2 4
github.com/site24x7/terraform-provider-site24x7/site24x7/notification_profile.go:291.2,292.86 2 4
github.com/site24x7/terraform-provider-site24x7/site24x7/notification_profile.go:298.2,299.84 2 4
github.com/site24x7/terraform-provider-site24x7/site24x7/notification_profile.go:303.2,304.29 2 4
github.com/site24x7/terraform-provider-site24x7/site24x7/notification_profile.go:307.2,307.34 1 4
github.com/site24x7/terraform-provider-site24x7/site24x7/notification_profile.go:311.2,323.39 2 4
github.com/site24x7/terraform-provider-site24x7/site24x7/notification_profile.go:327.2,327.21 1 4
github.com/site24x7/terraform-provider-site24x7/site24x7/notification_profile.go:270.78,271.23 1 0
github.com/site24x7/terraform-provider-site24x7/site24x7/notification_profile.go:271.23,273.4 1 0
github.com/site24x7/terraform-provider-site24x7/site24x7/notification_profile.go:277.101,278.33 1 0
github.com/site24x7/terraform-provider-site24x7/site24x7/notification_profile.go:278.33,280.4 1 0
github.com/site24x7/terraform-provider-site24x7/site24x7/notification_profile.go:284.99,285.33 1 0
github.com/site24x7/terraform-provider-site24x7/site24x7/notification_profile.go:285.33,287.4 1 0
github.com/site24x7/terraform-provider-site24x7/site24x7/notification_profile.go:292.86,293.33 1 0
github.com/site24x7/terraform-provider-site24x7/site24x7/notification_profile.go:293.33,295.4 1 0
github.com/site24x7/terraform-provider-site24x7/site24x7/notification_profile.go:299.84,301.3 1 0
github.com/site24x7/terraform-provider-site24x7/site24x7/notification_profile.go:304.29,306.3 1 0
github.com/site24x7/terraform-provider-site24x7/site24x7/notification_profile.go:307.34,309.3 1 0
github.com/site24x7/terraform-provider-site24x7/site24x7/notification_profile.go:323.39,325.3 1 0
github.com/site24x7/terraform-provider-site24x7/site24x7/notification_profile.go:331.114,340.56 9 1
github.com/site24x7/terraform-provider-site24x7/site24x7/notification_profile.go:340.56,343.3 2 0
github.com/site24x7/terraform-provider-site24x7/site24x7/subgroup.go:67.50,77.2 1 0
github.com/site24x7/terraform-provider-site24x7/site24x7/subgroup.go:79.69,85.16 4 2
github.com/site24x7/terraform-provider-site24x7/site24x7/subgroup.go:89.2,94.12 2 1
github.com/site24x7/terraform-provider-site24x7/site24x7/subgroup.go:85.16,87.3 1 1
github.com/site24x7/terraform-provider-site24x7/site24x7/subgroup.go:97.67,101.16 3 2
github.com/site24x7/terraform-provider-site24x7/site24x7/subgroup.go:105.2,107.12 2 1
github.com/site24x7/terraform-provider-site24x7/site24x7/subgroup.go:101.16,103.3 1 1
github.com/site24x7/terraform-provider-site24x7/site24x7/subgroup.go:110.69,116.16 4 2
github.com/site24x7/terraform-provider-site24x7/site24x7/subgroup.go:120.2,125.12 2 1
github.com/site24x7/terraform-provider-site24x7/site24x7/subgroup.go:116.16,118.3 1 1
github.com/site24x7/terraform-provider-site24x7/site24x7/subgroup.go:128.69,132.31 3 2
github.com/site24x7/terraform-provider-site24x7/site24x7/subgroup.go:136.2,136.12 1 1
github.com/site24x7/terraform-provider-site24x7/site24x7/subgroup.go:132.31,134.3 1 1
github.com/site24x7/terraform-provider-site24x7/site24x7/subgroup.go:139.77,143.31 3 3
github.com/site24x7/terraform-provider-site24x7/site24x7/subgroup.go:147.2,147.16 1 2
github.com/site24x7/terraform-provider-site24x7/site24x7/subgroup.go:151.2,151.18 1 1
github.com/site24x7/terraform-provider-site24x7/site24x7/subgroup.go:143.31,145.3 1 1
github.com/site24x7/terraform-provider-site24x7/site24x7/subgroup.go:147.16,149.3 1 1
github.com/site24x7/terraform-provider-site24x7/site24x7/subgroup.go:154.67,158.37 3 4
github.com/site24x7/terraform-provider-site24x7/site24x7/subgroup.go:162.2,171.3 1 4
github.com/site24x7/terraform-provider-site24x7/site24x7/subgroup.go:158.37,160.3 1 8
github.com/site24x7/terraform-provider-site24x7/site24x7/subgroup.go:174.81,182.2 7 1
github.com/site24x7/terraform-provider-site24x7/site24x7/monitor_defaults.go:16.101,18.16 2 3
github.com/site24x7/terraform-provider-site24x7/site24x7/monitor_defaults.go:22.2,22.32 1 2
github.com/site24x7/terraform-provider-site24x7/site24x7/monitor_defaults.go:26.2,26.30 1 1
github.com/site24x7/terraform-provider-site24x7/site24x7/monitor_defaults.go:34.2,34.33 1 1
github.com/site24x7/terraform-provider-site24x7/site24x7/monitor_defaults.go:18.16,20.3 1 1
github.com/site24x7/terraform-provider-site24x7/site24x7/monitor_defaults.go:22.32,24.3 1 1
github.com/site24x7/terraform-provider-site24x7/site24x7/monitor_defaults.go:26.30,27.38 1 0
github.com/site24x7/terraform-provider-site24x7/site24x7/monitor_defaults.go:27.38,28.59 1 0
github.com/site24x7/terraform-provider-site24x7/site24x7/monitor_defaults.go:28.59,30.5 1 0
github.com/site24x7/terraform-provider-site24x7/site24x7/monitor_defaults.go:37.123,40.16 3 0
github.com/site24x7/terraform-provider-site24x7/site24x7/monitor_defaults.go:43.2,43.32 1 0
github.com/site24x7/terraform-provider-site24x7/site24x7/monitor_defaults.go:48.2,48.109 1 0
github.com/site24x7/terraform-provider-site24x7/site24x7/monitor_defaults.go:68.2,68.29 1 0
github.com/site24x7/terraform-provider-site24x7/site24x7/monitor_defaults.go:40.16,42.3 1 0
github.com/site24x7/terraform-provider-site24x7/site24x7/monitor_defaults.go:43.32,45.3 1 0
github.com/site24x7/terraform-provider-site24x7/site24x7/monitor_defaults.go:48.109,51.39 3 0
github.com/site24x7/terraform-provider-site24x7/site24x7/monitor_defaults.go:58.3,58.29 1 0
github.com/site24x7/terraform-provider-site24x7/site24x7/monitor_defaults.go:61.3,62.58 2 0
github.com/site24x7/terraform-provider-site24x7/site24x7/monitor_defaults.go:51.39,52.39 1 0
github.com/site24x7/terraform-provider-site24x7/site24x7/monitor_defaults.go:52.39,53.68 1 0
github.com/site24x7/terraform-provider-site24x7/site24x7/monitor_defaults.go:53.68,55.6 1 0
github.com/site24x7/terraform-provider-site24x7/site24x7/monitor_defaults.go:58.29,60.4 1 0
github.com/site24x7/terraform-provider-site24x7/site24x7/monitor_defaults.go:63.8,63.49 1 0
github.com/site24x7/terraform-provider-site24x7/site24x7/monitor_defaults.go:63.49,67.3 3 0
github.com/site24x7/terraform-provider-site24x7/site24x7/monitor_defaults.go:74.82,77.16 2 3
github.com/site24x7/terraform-provider-site24x7/site24x7/monitor_defaults.go:81.2,81.24 1 2
github.com/site24x7/terraform-provider-site24x7/site24x7/monitor_defaults.go:85.2,85.25 1 1
github.com/site24x7/terraform-provider-site24x7/site24x7/monitor_defaults.go:77.16,79.3 1 1
github.com/site24x7/terraform-provider-site24x7/site24x7/monitor_defaults.go:81.24,83.3 1 1
github.com/site24x7/terraform-provider-site24x7/site24x7/monitor_defaults.go:88.131,91.16 3 0
github.com/site24x7/terraform-provider-site24x7/site24x7/monitor_defaults.go:94.2,94.36 1 0
github.com/site24x7/terraform-provider-site24x7/site24x7/monitor_defaults.go:99.2,99.121 1 0
github.com/site24x7/terraform-provider-site24x7/site24x7/monitor_defaults.go:119.2,119.33 1 0
github.com/site24x7/terraform-provider-site24x7/site24x7/monitor_defaults.go:91.16,93.3 1 0
github.com/site24x7/terraform-provider-site24x7/site24x7/monitor_defaults.go:94.36,96.3 1 0
github.com/site24x7/terraform-provider-site24x7/site24x7/monitor_defaults.go:99.121,102.43 3 0
github.com/site24x7/terraform-provider-site24x7/site24x7/monitor_defaults.go:109.3,109.33 1 0
github.com/site24x7/terraform-provider-site24x7/site24x7/monitor_defaults.go:112.3,113.66 2 0
github.com/site24x7/terraform-provider-site24x7/site24x7/monitor_defaults.go:102.43,103.43 1 0
github.com/site24x7/terraform-provider-site24x7/site24x7/monitor_defaults.go:103.43,104.72 1 0
github.com/site24x7/terraform-provider-site24x7/site24x7/monitor_defaults.go:104.72,106.6 1 0
github.com/site24x7/terraform-provider-site24x7/site24x7/monitor_defaults.go:109.33,111.4 1 0
github.com/site24x7/terraform-provider-site24x7/site24x7/monitor_defaults.go:114.8,114.53 1 0
github.com/site24x7/terraform-provider-site24x7/site24x7/monitor_defaults.go:114.53,118.3 3 0
github.com/site24x7/terraform-provider-site24x7/site24x7/monitor_defaults.go:126.105,128.16 2 1
github.com/site24x7/terraform-provider-site24x7/site24x7/monitor_defaults.go:132.2,132.24 1 0
github.com/site24x7/terraform-provider-site24x7/site24x7/monitor_defaults.go:135.2,136.29 2 0
github.com/site24x7/terraform-provider-site24x7/site24x7/monitor_defaults.go:144.2,144.26 1 0
github.com/site24x7/terraform-provider-site24x7/site24x7/monitor_defaults.go:148.2,148.25 1 0
github.com/site24x7/terraform-provider-site24x7/site24x7/monitor_defaults.go:128.16,130.3 1 1
github.com/site24x7/terraform-provider-site24x7/site24x7/monitor_defaults.go:132.24,134.3 1 0
github.com/site24x7/terraform-provider-site24x7/site24x7/monitor_defaults.go:136.29,137.36 1 0
github.com/site24x7/terraform-provider-site24x7/site24x7/monitor_defaults.go:137.36,141.4 3 0
github.com/site24x7/terraform-provider-site24x7/site24x7/monitor_defaults.go:144.26,146.3 1 0
github.com/site24x7/terraform-provider-site24x7/site24x7/monitor_defaults.go:154.62,156.16 2 3
github.com/site24x7/terraform-provider-site24x7/site24x7/monitor_defaults.go:160.2,160.26 1 2
github.com/site24x7/terraform-provider-site24x7/site24x7/monitor_defaults.go:164.2,164.27 1 1
github.com/site24x7/terraform-provider-site24x7/site24x7/monitor_defaults.go:156.16,158.3 1 1
github.com/site24x7/terraform-provider-site24x7/site24x7/monitor_defaults.go:160.26,162.3 1 1
github.com/site24x7/terraform-provider-site24x7/site24x7/monitor_defaults.go:167.105,171.16 4 0
github.com/site24x7/terraform-provider-site24x7/site24x7/monitor_defaults.go:174.2,174.26 1 0
github.com/site24x7/terraform-provider-site24x7/site24x7/monitor_defaults.go:179.2,179.94 1 0
github.com/site24x7/terraform-provider-site24x7/site24x7/monitor_defaults.go:205.2,205.26 1 0
github.com/site24x7/terraform-provider-site24x7/site24x7/monitor_defaults.go:171.16,173.3 1 0
github.com/site24x7/terraform-provider-site24x7/site24x7/monitor_defaults.go:174.26,176.3 1 0
github.com/site24x7/terraform-provider-site24x7/site24x7/monitor_defaults.go:179.94,180.73 1 0
github.com/site24x7/terraform-provider-site24x7/site24x7/monitor_defaults.go:183.3,184.54 2 0
github.com/site24x7/terraform-provider-site24x7/site24x7/monitor_defaults.go:195.3,195.29 1 0
github.com/site24x7/terraform-provider-site24x7/site24x7/monitor_defaults.go:198.3,199.40 2 0
github.com/site24x7/terraform-provider-site24x7/site24x7/monitor_defaults.go:180.73,182.4 1 0
github.com/site24x7/terraform-provider-site24x7/site24x7/monitor_defaults.go:184.54,185.27 1 0
github.com/site24x7/terraform-provider-site24x7/site24x7/monitor_defaults.go:185.27,186.42 1 0
github.com/site24x7/terraform-provider-site24x7/site24x7/monitor_defaults.go:186.42,187.64 1 0
github.com/site24x7/terraform-provider-site24x7/site24x7/monitor_defaults.go:187.64,190.7 2 0
github.com/site24x7/terraform-provider-site24x7/site24x7/monitor_defaults.go:195.29,197.4 1 0
github.com/site24x7/terraform-provider-site24x7/site24x7/monitor_defaults.go:200.8,200.48 1 0
github.com/site24x7/terraform-provider-site24x7/site24x7/monitor_defaults.go:200.48,204.3 3 0
github.com/site24x7/terraform-provider-site24x7/site24x7/monitor_defaults.go:208.100,212.16 4 0
github.com/site24x7/terraform-provider-site24x7/site24x7/monitor_defaults.go:217.2,217.75 1 0
github.com/site24x7/terraform-provider-site24x7/site24x7/monitor_defaults.go:250.2,250.20 1 0
github.com/site24x7/terraform-provider-site24x7/site24x7/monitor_defaults.go:212.16,214.3 1 0
github.com/site24x7/terraform-provider-site24x7/site24x7/monitor_defaults.go:217.75,218.25 1 0
github.com/site24x7/terraform-provider-site24x7/site24x7/monitor_defaults.go:221.3,221.60 1 0
github.com/site24x7/terraform-provider-site24x7/site24x7/monitor_defaults.go:224.3,225.42 2 0
github.com/site24x7/terraform-provider-site24x7/site24x7/monitor_defaults.go:236.3,236.23 1 0
github.com/site24x7/terraform-provider-site24x7/site24x7/monitor_defaults.go:239.3,240.27 2 0
github.com/site24x7/terraform-provider-site24x7/site24x7/monitor_defaults.go:218.25,220.4 1 0
github.com/site24x7/terraform-provider-site24x7/site24x7/monitor_defaults.go:221.60,223.4 1 0
github.com/site24x7/terraform-provider-site24x7/site24x7/monitor_defaults.go:225.42,226.21 1 0
github.com/site24x7/terraform-provider-site24x7/site24x7/monitor_defaults.go:226.21,227.34 1 0
github.com/site24x7/terraform-provider-site24x7/site24x7/monitor_defaults.go:227.34,228.48 1 0
github.com/site24x7/terraform-provider-site24x7/site24x7/monitor_defaults.go:228.48,231.7 2 0
github.com/site24x7/terraform-provider-site24x7/site24x7/monitor_defaults.go:236.23,238.4 1 0
github.com/site24x7/terraform-provider-site24x7/site24x7/monitor_defaults.go:241.8,241.42 1 0
github.com/site24x7/terraform-provider-site24x7/site24x7/monitor_defaults.go:241.42,242.25 1 0
github.com/site24x7/terraform-provider-site24x7/site24x7/monitor_defaults.go:246.3,248.40 3 0
github.com/site24x7/terraform-provider-site24x7/site24x7/monitor_defaults.go:242.25,245.4 1 0
github.com/site24x7/terraform-provider-site24x7/site24x7/tags.go:27.45,39.2 1 0
github.com/site24x7/terraform-provider-site24x7/site24x7/tags.go:41.64,47.16 4 2
github.com/site24x7/terraform-provider-site24x7/site24x7/tags.go:51.2,56.12 2 1
github.com/site24x7/terraform-provider-site24x7/site24x7/tags.go:47.16,49.3 1 1
github.com/site24x7/terraform-provider-site24x7/site24x7/tags.go:59.62,63.16 3 2
github.com/site24x7/terraform-provider-site24x7/site24x7/tags.go:67.2,69.12 2 1
github.com/site24x7/terraform-provider-site24x7/site24x7/tags.go:63.16,65.3 1 1
github.com/site24x7/terraform-provider-site24x7/site24x7/tags.go:72.64,78.16 4 2
github.com/site24x7/terraform-provider-site24x7/site24x7/tags.go:82.2,87.12 2 1
github.com/site24x7/terraform-provider-site24x7/site24x7/tags.go:78.16,80.3 1 1
github.com/site24x7/terraform-provider-site24x7/site24x7/tags.go:90.64,94.31 3 2
github.com/site24x7/terraform-provider-site24x7/site24x7/tags.go:98.2,98.12 1 1
github.com/site24x7/terraform-provider-site24x7/site24x7/tags.go:94.31,96.3 1 1
github.com/site24x7/terraform-provider-site24x7/site24x7/tags.go:101.72,105.31 3 3
github.com/site24x7/terraform-provider-site24x7/site24x7/tags.go:109.2,109.16 1 2
github.com/site24x7/terraform-provider-site24x7/site24x7/tags.go:113.2,113.18 1 1
github.com/site24x7/terraform-provider-site24x7/site24x7/tags.go:105.31,107.3 1 1
github.com/site24x7/terraform-provider-site24x7/site24x7/tags.go:109.16,111.3 1 1
github.com/site24x7/terraform-provider-site24x7/site24x7/tags.go:116.80,124.2 1 4
github.com/site24x7/terraform-provider-site24x7/site24x7/tags.go:126.66,131.2 4 1
github.com/site24x7/terraform-provider-site24x7/site24x7/threshold_profile_data_source.go:57.60,62.2 1 0
github.com/site24x7/terraform-provider-site24x7/site24x7/threshold_profile_data_source.go:65.85,69.16 3 0
github.com/site24x7/terraform-provider-site24x7/site24x7/threshold_profile_data_source.go:73.2,78.21 5 0
github.com/site24x7/terraform-provider-site24x7/site24x7/threshold_profile_data_source.go:103.2,103.29 1 0
github.com/site24x7/terraform-provider-site24x7/site24x7/threshold_profile_data_source.go:107.2,109.12 2 0
github.com/site24x7/terraform-provider-site24x7/site24x7/threshold_profile_data_source.go:69.16,71.3 1 0
github.com/site24x7/terraform-provider-site24x7/site24x7/threshold_profile_data_source.go:78.21,81.52 2 0
github.com/site24x7/terraform-provider-site24x7/site24x7/threshold_profile_data_source.go:81.52,82.40 1 0
github.com/site24x7/terraform-provider-site24x7/site24x7/threshold_profile_data_source.go:82.40,83.89 1 0
github.com/site24x7/terraform-provider-site24x7/site24x7/threshold_profile_data_source.go:83.89,93.6 9 0
github.com/site24x7/terraform-provider-site24x7/site24x7/threshold_profile_data_source.go:93.11,93.96 1 0
github.com/site24x7/terraform-provider-site24x7/site24x7/threshold_profile_data_source.go:93.96,96.6 2 0
github.com/site24x7/terraform-provider-site24x7/site24x7/threshold_profile_data_source.go:99.8,101.3 1 0
github.com/site24x7/terraform-provider-site24x7/site24x7/threshold_profile_data_source.go:103.29,105.3 1 0
github.com/site24x7/terraform-provider-site24x7/site24x7/threshold_profile_data_source.go:112.199,121.2 8 0
github.com/site24x7/terraform-provider-site24x7/site24x7/threshold_profile.go:306.58,316.2 1 0
github.com/site24x7/terraform-provider-site24x7/site24x7/threshold_profile.go:318.77,324.16 4 2
github.com/site24x7/terraform-provider-site24x7/site24x7/threshold_profile.go:328.2,330.12 2 1
github.com/site24x7/terraform-provider-site24x7/site24x7/threshold_profile.go:324.16,326.3 1 1
github.com/site24x7/terraform-provider-site24x7/site24x7/threshold_profile.go:333.75,337.16 3 2
github.com/site24x7/terraform-provider-site24x7/site24x7/threshold_profile.go:341.2,343.12 2 1
github.com/site24x7/terraform-provider-site24x7/site24x7/threshold_profile.go:337.16,339.3 1 1
github.com/site24x7/terraform-provider-site24x7/site24x7/threshold_profile.go:346.77,351.16 4 2
github.com/site24x7/terraform-provider-site24x7/site24x7/threshold_profile.go:355.2,357.12 2 1
github.com/site24x7/terraform-provider-site24x7/site24x7/threshold_profile.go:351.16,353.3 1 1
github.com/site24x7/terraform-provider-site24x7/site24x7/threshold_profile.go:360.77,364.31 3 2
github.com/site24x7/terraform-provider-site24x7/site24x7/threshold_profile.go:368.2,368.12 1 1
github.com/site24x7/terraform-provider-site24x7/site24x7/threshold_profile.go:364.31,366.3 1 1
github.com/site24x7/terraform-provider-site24x7/site24x7/threshold_profile.go:371.85,375.31 3 3
github.com/site24x7/terraform-provider-site24x7/site24x7/threshold_profile.go:379.2,379.16 1 2
github.com/site24x7/terraform-provider-site24x7/site24x7/threshold_profile.go:383.2,383.18 1 1
github.com/site24x7/terraform-provider-site24x7/site24x7/threshold_profile.go:375.31,377.3 1 1
github.com/site24x7/terraform-provider-site24x7/site24x7/threshold_profile.go:379.16,381.3 1 1
github.com/site24x7/terraform-provider-site24x7/site24x7/threshold_profile.go:386.83,398.41 3 4
github.com/site24x7/terraform-provider-site24x7/site24x7/threshold_profile.go:404.2,404.33 1 4
github.com/site24x7/terraform-provider-site24x7/site24x7/threshold_profile.go:398.41,400.3 1 0
github.com/site24x7/terraform-provider-site24x7/site24x7/threshold_profile.go:400.8,402.3 1 4
github.com/site24x7/terraform-provider-site24x7/site24x7/threshold_profile.go:408.105,415.41 5 1
github.com/site24x7/terraform-provider-site24x7/site24x7/threshold_profile.go:415.41,417.3 1 0
github.com/site24x7/terraform-provider-site24x7/site24x7/threshold_profile.go:417.8,419.3 1 1
github.com/site24x7/terraform-provider-site24x7/site24x7/threshold_profile.go:423.98,426.92 2 0
github.com/site24x7/terraform-provider-site24x7/site24x7/threshold_profile.go:431.2,431.101 1 0
github.com/site24x7/terraform-provider-site24x7/site24x7/threshold_profile.go:436.2,439.84 2 0
github.com/site24x7/terraform-provider-site24x7/site24x7/threshold_profile.go:426.92,430.3 3 0
github.com/site24x7/terraform-provider-site24x7/site24x7/threshold_profile.go:431.101,435.3 3 0
github.com/site24x7/terraform-provider-site24x7/site24x7/threshold_profile.go:439.84,443.3 3 0
github.com/site24x7/terraform-provider-site24x7/site24x7/threshold_profile.go:446.100,447.61 1 0
github.com/site24x7/terraform-provider-site24x7/site24x7/threshold_profile.go:461.2,461.63 1 0
github.com/site24x7/terraform-provider-site24x7/site24x7/threshold_profile.go:447.61,448.89 1 0
github.com/site24x7/terraform-provider-site24x7/site24x7/threshold_profile.go:448.89,450.74 2 0
github.com/site24x7/terraform-provider-site24x7/site24x7/threshold_profile.go:450.74,451.31 1 0
github.com/site24x7/terraform-provider-site24x7/site24x7/threshold_profile.go:454.5,454.31 1 0
github.com/site24x7/terraform-provider-site24x7/site24x7/threshold_profile.go:451.31,453.6 1 0
github.com/site24x7/terraform-provider-site24x7/site24x7/threshold_profile.go:454.31,456.6 1 0
github.com/site24x7/terraform-provider-site24x7/site24x7/threshold_profile.go:461.63,463.3 1 0
github.com/site24x7/terraform-provider-site24x7/site24x7/threshold_profile.go:466.90,472.70 4 4
github.com/site24x7/terraform-provider-site24x7/site24x7/threshold_profile.go:480.2,488.103 6 4
github.com/site24x7/terraform-provider-site24x7/site24x7/threshold_profile.go:493.2,493.105 1 4
github.com/site24x7/terraform-provider-site24x7/site24x7/threshold_profile.go:499.2,499.107 1 4
github.com/site24x7/terraform-provider-site24x7/site24x7/threshold_profile.go:504.2,504.109 1 4
github.com/site24x7/terraform-provider-site24x7/site24x7/threshold_profile.go:509.2,509.35 1 4
github.com/site24x7/terraform-provider-site24x7/site24x7/threshold_profile.go:513.2,513.37 1 4
github.com/site24x7/terraform-provider-site24x7/site24x7/threshold_profile.go:517.2,517.33 1 4
github.com/site24x7/terraform-provider-site24x7/site24x7/threshold_profile.go:472.70,473.72 1 0
github.com/site24x7/terraform-provider-site24x7/site24x7/threshold_profile.go:473.72,475.10 2 0
github.com/site24x7/terraform-provider-site24x7/site24x7/threshold_profile.go:475.10,477.5 1 0
github.com/site24x7/terraform-provider-site24x7/site24x7/threshold_profile.go:488.103,492.3 3 0
github.com/site24x7/terraform-provider-site24x7/site24x7/threshold_profile.go:493.105,497.3 3 0
github.com/site24x7/terraform-provider-site24x7/site24x7/threshold_profile.go:499.107,503.3 3 0
github.com/site24x7/terraform-provider-site24x7/site24x7/threshold_profile.go:504.109,508.3 3 0
github.com/site24x7/terraform-provider-site24x7/site24x7/threshold_profile.go:509.35,512.3 2 0
github.com/site24x7/terraform-provider-site24x7/site24x7/threshold_profile.go:513.37,516.3 2 0
github.com/site24x7/terraform-provider-site24x7/site24x7/threshold_profile.go:517.33,519.3 1 0
github.com/site24x7/terraform-provider-site24x7/site24x7/threshold_profile.go:522.92,527.83 4 1
github.com/site24x7/terraform-provider-site24x7/site24x7/threshold_profile.go:545.2,545.87 1 1
github.com/site24x7/terraform-provider-site24x7/site24x7/threshold_profile.go:527.83,529.36 2 0
github.com/site24x7/terraform-provider-site24x7/site24x7/threshold_profile.go:529.36,530.55 1 0
github.com/site24x7/terraform-provider-site24x7/site24x7/threshold_profile.go:530.55,532.67 2 0
github.com/site24x7/terraform-provider-site24x7/site24x7/threshold_profile.go:532.67,533.30 1 0
github.com/site24x7/terraform-provider-site24x7/site24x7/threshold_profile.go:536.6,536.30 1 0
github.com/site24x7/terraform-provider-site24x7/site24x7/threshold_profile.go:533.30,535.7 1 0
github.com/site24x7/terraform-provider-site24x7/site24x7/threshold_profile.go:536.30,538.7 1 0
github.com/site24x7/terraform-provider-site24x7/site24x7/threshold_profile.go:545.87,547.38 2 0
github.com/site24x7/terraform-provider-site24x7/site24x7/threshold_profile.go:547.38,548.59 1 0
github.com/site24x7/terraform-provider-site24x7/site24x7/threshold_profile.go:548.59,550.71 2 0
github.com/site24x7/terraform-provider-site24x7/site24x7/threshold_profile.go:550.71,551.32 1 0
github.com/site24x7/terraform-provider-site24x7/site24x7/threshold_profile.go:554.6,554.32 1 0
github.com/site24x7/terraform-provider-site24x7/site24x7/threshold_profile.go:551.32,553.7 1 0
github.com/site24x7/terraform-provider-site24x7/site24x7/threshold_profile.go:554.32,556.7 1 0
github.com/site24x7/terraform-provider-site24x7/site24x7/user_group_data_source.go:54.53,59.2 1 0
github.com/site24x7/terraform-provider-site24x7/site24x7/user_group_data_source.go:62.78,66.16 3 0
github.com/site24x7/terraform-provider-site24x7/site24x7/user_group_data_source.go:70.2,76.21 5 0
github.com/site24x7/terraform-provider-site24x7/site24x7/user_group_data_source.go:100.2,100.22 1 0
github.com/site24x7/terraform-provider-site24x7/site24x7/user_group_data_source.go:104.2,106.12 2 0
github.com/site24x7/terraform-provider-site24x7/site24x7/user_group_data_source.go:66.16,68.3 1 0
github.com/site24x7/terraform-provider-site24x7/site24x7/user_group_data_source.go:76.21,79.43 2 0
github.com/site24x7/terraform-provider-site24x7/site24x7/user_group_data_source.go:79.43,80.38 1 0
github.com/site24x7/terraform-provider-site24x7/site24x7/user_group_data_source.go:80.38,81.80 1 0
github.com/site24x7/terraform-provider-site24x7/site24x7/user_group_data_source.go:81.80,90.6 8 0
github.com/site24x7/terraform-provider-site24x7/site24x7/user_group_data_source.go:90.11,90.87 1 0
github.com/site24x7/terraform-provider-site24x7/site24x7/user_group_data_source.go:90.87,93.6 2 0
github.com/site24x7/terraform-provider-site24x7/site24x7/user_group_data_source.go:96.8,98.3 1 0
github.com/site24x7/terraform-provider-site24x7/site24x7/user_group_data_source.go:100.22,102.3 1 0
github.com/site24x7/terraform-provider-site24x7/site24x7/user_group_data_source.go:109.164,117.2 7 0
github.com/site24x7/terraform-provider-site24x7/site24x7/data_center.go:43.46,45.2 1 0
github.com/site24x7/terraform-provider-site24x7/site24x7/data_center.go:47.44,49.2 1 0
github.com/site24x7/terraform-provider-site24x7/site24x7/data_center.go:51.54,53.2 1 0
github.com/site24x7/terraform-provider-site24x7/site24x7/monitor_group.go:50.54,60.2 1 0
github.com/site24x7/terraform-provider-site24x7/site24x7/monitor_group.go:62.73,68.16 4 2
github.com/site24x7/terraform-provider-site24x7/site24x7/monitor_group.go:72.2,77.12 2 1
github.com/site24x7/terraform-provider-site24x7/site24x7/monitor_group.go:68.16,70.3 1 1
github.com/site24x7/terraform-provider-site24x7/site24x7/monitor_group.go:80.71,84.16 3 2
github.com/site24x7/terraform-provider-site24x7/site24x7/monitor_group.go:88.2,90.12 2 1
github.com/site24x7/terraform-provider-site24x7/site24x7/monitor_group.go:84.16,86.3 1 1
github.com/site24x7/terraform-provider-site24x7/site24x7/monitor_group.go:93.73,97.16 3 0
github.com/site24x7/terraform-provider-site24x7/site24x7/monitor_group.go:101.2,104.16 3 0
github.com/site24x7/terraform-provider-site24x7/site24x7/monitor_group.go:108.2,113.12 2 0
github.com/site24x7/terraform-provider-site24x7/site24x7/monitor_group.go:97.16,99.3 1 0
github.com/site24x7/terraform-provider-site24x7/site24x7/monitor_group.go:104.16,106.3 1 0
github.com/site24x7/terraform-provider-site24x7/site24x7/monitor_group.go:116.73,120.31 3 2
github.com/site24x7/terraform-provider-site24x7/site24x7/monitor_group.go:124.2,124.12 1 1
github.com/site24x7/terraform-provider-site24x7/site24x7/monitor_group.go:120.31,122.3 1 1
github.com/site24x7/terraform-provider-site24x7/site24x7/monitor_group.go:127.81,131.31 3 3
github.com/site24x7/terraform-provider-site24x7/site24x7/monitor_group.go:135.2,135.16 1 2
github.com/site24x7/terraform-provider-site24x7/site24x7/monitor_group.go:139.2,139.18 1 1
github.com/site24x7/terraform-provider-site24x7/site24x7/monitor_group.go:131.31,133.3 1 1
github.com/site24x7/terraform-provider-site24x7/site24x7/monitor_group.go:135.16,137.3 1 1
github.com/site24x7/terraform-provider-site24x7/site24x7/monitor_group.go:142.81,146.74 2 2
github.com/site24x7/terraform-provider-site24x7/site24x7/monitor_group.go:152.2,154.53 3 2
github.com/site24x7/terraform-provider-site24x7/site24x7/monitor_group.go:160.2,169.3 1 2
github.com/site24x7/terraform-provider-site24x7/site24x7/monitor_group.go:146.74,147.56 1 0
github.com/site24x7/terraform-provider-site24x7/site24x7/monitor_group.go:147.56,149.4 1 0
github.com/site24x7/terraform-provider-site24x7/site24x7/monitor_group.go:154.53,155.34 1 4
github.com/site24x7/terraform-provider-site24x7/site24x7/monitor_group.go:155.34,157.4 1 4
github.com/site24x7/terraform-provider-site24x7/site24x7/monitor_group.go:172.113,195.53 3 0
github.com/site24x7/terraform-provider-site24x7/site24x7/monitor_group.go:201.2,202.35 2 0
github.com/site24x7/terraform-provider-site24x7/site24x7/monitor_group.go:211.2,221.3 1 0
github.com/site24x7/terraform-provider-site24x7/site24x7/monitor_group.go:195.53,196.34 1 0
github.com/site24x7/terraform-provider-site24x7/site24x7/monitor_group.go:196.34,198.4 1 0
github.com/site24x7/terraform-provider-site24x7/site24x7/monitor_group.go:202.35,204.91 2 0
github.com/site24x7/terraform-provider-site24x7/site24x7/monitor_group.go:204.91,206.4 1 0
github.com/site24x7/terraform-provider-site24x7/site24x7/monitor_group.go:206.9,208.4 1 0
github.com/site24x7/terraform-provider-site24x7/site24x7/monitor_group.go:224.93,231.2 5 1
github.com/site24x7/terraform-provider-site24x7/site24x7/monitor_group_data_source.go:61.56,66.2 1 0
github.com/site24x7/terraform-provider-site24x7/site24x7/monitor_group_data_source.go:69.81,73.16 3 0
github.com/site24x7/terraform-provider-site24x7/site24x7/monitor_group_data_source.go:77.2,80.21 3 0
github.com/site24x7/terraform-provider-site24x7/site24x7/monitor_group_data_source.go:102.2,102.25 1 0
github.com/site24x7/terraform-provider-site24x7/site24x7/monitor_group_data_source.go:106.2,108.12 2 0
github.com/site24x7/terraform-provider-site24x7/site24x7/monitor_group_data_source.go:73.16,75.3 1 0
github.com/site24x7/terraform-provider-site24x7/site24x7/monitor_group_data_source.go:80.21,83.46 2 0
github.com/site24x7/terraform-provider-site24x7/site24x7/monitor_group_data_source.go:83.46,84.38 1 0
github.com/site24x7/terraform-provider-site24x7/site24x7/monitor_group_data_source.go:84.38,85.60 1 0
github.com/site24x7/terraform-provider-site24x7/site24x7/monitor_group_data_source.go:85.60,94.11 9 0
github.com/site24x7/terraform-provider-site24x7/site24x7/monitor_group_data_source.go:98.8,100.3 1 0
[...]
github.com/site24x7/terraform-provider-site24x7/site24x7/monitors/monitors_data_source.go:82.2,82.26 1 0
github.com/site24x7/terraform-provider-site24x7/site24x7/monitors/monitors_data_source.go:86.2,88.12 2 0
github.com/site24x7/terraform-provider-site24x7/site24x7/monitors/monitors_data_source.go:48.16,50.3 1 0
github.com/site24x7/terraform-provider-site24x7/site24x7/monitors/monitors_data_source.go:57.42,58.42 1 0
github.com/site24x7/terraform-provider-site24x7/site24x7/monitors/monitors_data_source.go:58.42,59.35 1 0
github.com/site24x7/terraform-provider-site24x7/site24x7/monitors/monitors_data_source.go:59.35,62.5 2 0
github.com/site24x7/terraform-provider-site24x7/site24x7/monitors/monitors_data_source.go:64.8,64.49 1 0
github.com/site24x7/terraform-provider-site24x7/site24x7/monitors/monitors_data_source.go:64.49,66.42 2 0
github.com/site24x7/terraform-provider-site24x7/site24x7/monitors/monitors_data_source.go:66.42,67.74 1 0
github.com/site24x7/terraform-provider-site24x7/site24x7/monitors/monitors_data_source.go:67.74,70.5 2 0
github.com/site24x7/terraform-provider-site24x7/site24x7/monitors/monitors_data_source.go:72.8,72.49 1 0
github.com/site24x7/terraform-provider-site24x7/site24x7/monitors/monitors_data_source.go:72.49,74.42 2 0
github.com/site24x7/terraform-provider-site24x7/site24x7/monitors/monitors_data_source.go:74.42,75.105 1 0
github.com/site24x7/terraform-provider-site24x7/site24x7/monitors/monitors_data_source.go:75.105,78.5 2 0
github.com/site24x7/terraform-provider-site24x7/site24x7/monitors/monitors_data_source.go:82.26,84.3 1 0
github.com/site24x7/terraform-provider-site24x7/site24x7/monitors/monitors_data_source.go:91.109,95.2 3 0
github.com/site24x7/terraform-provider-site24x7/site24x7/monitors/rest_api.go:261.75,264.4 1 0
github.com/site24x7/terraform-provider-site24x7/site24x7/monitors/rest_api.go:275.75,278.4 1 0
github.com/site24x7/terraform-provider-site24x7/site24x7/monitors/rest_api.go:409.56,422.2 1 0
github.com/site24x7/terraform-provider-site24x7/site24x7/monitors/rest_api.go:424.75,428.16 3 2
github.com/site24x7/terraform-provider-site24x7/site24x7/monitors/rest_api.go:432.2,433.16 2 2
github.com/site24x7/terraform-provider-site24x7/site24x7/monitors/rest_api.go:437.2,440.12 2 1
github.com/site24x7/terraform-provider-site24x7/site24x7/monitors/rest_api.go:428.16,430.3 1 0
github.com/site24x7/terraform-provider-site24x7/site24x7/monitors/rest_api.go:433.16,435.3 1 1
github.com/site24x7/terraform-provider-site24x7/site24x7/monitors/rest_api.go:443.73,448.16 3 2
github.com/site24x7/terraform-provider-site24x7/site24x7/monitors/rest_api.go:452.2,454.12 2 1
github.com/site24x7/terraform-provider-site24x7/site24x7/monitors/rest_api.go:448.16,450.3 1 1
github.com/site24x7/terraform-provider-site24x7/site24x7/monitors/rest_api.go:457.75,462.16 3 2
github.com/site24x7/terraform-provider-site24x7/site24x7/monitors/rest_api.go:466.2,467.16 2 2
github.com/site24x7/terraform-provider-site24x7/site24x7/monitors/rest_api.go:471.2,474.12 2 1
github.com/site24x7/terraform-provider-site24x7/site24x7/monitors/rest_api.go:462.16,464.3 1 0
github.com/site24x7/terraform-provider-site24x7/site24x7/monitors/rest_api.go:467.16,469.3 1 1
github.com/site24x7/terraform-provider-site24x7/site24x7/monitors/rest_api.go:477.75,481.31 3 2
github.com/site24x7/terraform-provider-site24x7/site24x7/monitors/rest_api.go:485.2,485.12 1 1
github.com/site24x7/terraform-provider-site24x7/site24x7/monitors/rest_api.go:481.31,483.3 1 1
github.com/site24x7/terraform-provider-site24x7/site24x7/monitors/rest_api.go:488.83,492.31 3 3
github.com/site24x7/terraform-provider-site24x7/site24x7/monitors/rest_api.go:496.2,496.16 1 2
github.com/site24x7/terraform-provider-site24x7/site24x7/monitors/rest_api.go:500.2,500.18 1 1
github.com/site24x7/terraform-provider-site24x7/site24x7/monitors/rest_api.go:492.31,494.3 1 1
github.com/site24x7/terraform-provider-site24x7/site24x7/monitors/rest_api.go:496.16,498.3 1 1
github.com/site24x7/terraform-provider-site24x7/site24x7/monitors/rest_api.go:503.112,506.64 2 4
github.com/site24x7/terraform-provider-site24x7/site24x7/monitors/rest_api.go:512.2,514.53 3 4
github.com/site24x7/terraform-provider-site24x7/site24x7/monitors/rest_api.go:520.2,521.61 2 4
github.com/site24x7/terraform-provider-site24x7/site24x7/monitors/rest_api.go:527.2,528.59 2 4
github.com/site24x7/terraform-provider-site24x7/site24x7/monitors/rest_api.go:534.2,535.70 2 4
github.com/site24x7/terraform-provider-site24x7/site24x7/monitors/rest_api.go:541.2,542.46 2 4
github.com/site24x7/terraform-provider-site24x7/site24x7/monitors/rest_api.go:564.2,566.34 3 4
github.com/site24x7/terraform-provider-site24x7/site24x7/monitors/rest_api.go:569.2,571.38 3 4
github.com/site24x7/terraform-provider-site24x7/site24x7/monitors/rest_api.go:576.2,578.32 3 4
github.com/site24x7/terraform-provider-site24x7/site24x7/monitors/rest_api.go:592.2,633.53 2 4
github.com/site24x7/terraform-provider-site24x7/site24x7/monitors/rest_api.go:637.2,637.60 1 4
github.com/site24x7/terraform-provider-site24x7/site24x7/monitors/rest_api.go:641.2,641.64 1 4
github.com/site24x7/terraform-provider-site24x7/site24x7/monitors/rest_api.go:645.2,645.57 1 4
github.com/site24x7/terraform-provider-site24x7/site24x7/monitors/rest_api.go:658.2,658.50 1 4
github.com/site24x7/terraform-provider-site24x7/site24x7/monitors/rest_api.go:665.2,665.54 1 4
github.com/site24x7/terraform-provider-site24x7/site24x7/monitors/rest_api.go:673.2,674.31 2 4
github.com/site24x7/terraform-provider-site24x7/site24x7/monitors/rest_api.go:679.2,680.35 2 4
github.com/site24x7/terraform-provider-site24x7/site24x7/monitors/rest_api.go:685.2,686.30 2 4
github.com/site24x7/terraform-provider-site24x7/site24x7/monitors/rest_api.go:691.2,692.20 2 4
github.com/site24x7/terraform-provider-site24x7/site24x7/monitors/rest_api.go:696.2,696.45 1 4
github.com/site24x7/terraform-provider-site24x7/site24x7/monitors/rest_api.go:705.2,705.28 1 4
github.com/site24x7/terraform-provider-site24x7/site24x7/monitors/rest_api.go:506.64,507.19 1 8
github.com/site24x7/terraform-provider-site24x7/site24x7/monitors/rest_api.go:507.19,509.4 1 8
github.com/site24x7/terraform-provider-site24x7/site24x7/monitors/rest_api.go:514.53,515.34 1 8
github.com/site24x7/terraform-provider-site24x7/site24x7/monitors/rest_api.go:515.34,517.4 1 8
github.com/site24x7/terraform-provider-site24x7/site24x7/monitors/rest_api.go:521.61,522.16 1 8
github.com/site24x7/terraform-provider-site24x7/site24x7/monitors/rest_api.go:522.16,524.4 1 8
github.com/site24x7/terraform-provider-site24x7/site24x7/monitors/rest_api.go:528.59,529.16 1 2
github.com/site24x7/terraform-provider-site24x7/site24x7/monitors/rest_api.go:529.16,531.4 1 2
github.com/site24x7/terraform-provider-site24x7/site24x7/monitors/rest_api.go:535.70,536.16 1 0
github.com/site24x7/terraform-provider-site24x7/site24x7/monitors/rest_api.go:536.16,538.4 1 0
github.com/site24x7/terraform-provider-site24x7/site24x7/monitors/rest_api.go:542.46,545.28 3 0
github.com/site24x7/terraform-provider-site24x7/site24x7/monitors/rest_api.go:548.3,550.32 3 0
github.com/site24x7/terraform-provider-site24x7/site24x7/monitors/rest_api.go:545.28,547.4 1 0
github.com/site24x7/terraform-provider-site24x7/site24x7/monitors/rest_api.go:550.32,552.18 2 0
github.com/site24x7/terraform-provider-site24x7/site24x7/monitors/rest_api.go:556.4,559.5 1 0
github.com/site24x7/terraform-provider-site24x7/site24x7/monitors/rest_api.go:552.18,554.5 1 0
github.com/site24x7/terraform-provider-site24x7/site24x7/monitors/rest_api.go:566.34,568.3 1 8
github.com/site24x7/terraform-provider-site24x7/site24x7/monitors/rest_api.go:571.38,573.3 1 8
github.com/site24x7/terraform-provider-site24x7/site24x7/monitors/rest_api.go:578.32,580.36 2 0
github.com/site24x7/terraform-provider-site24x7/site24x7/monitors/rest_api.go:583.3,585.39 3 0
github.com/site24x7/terraform-provider-site24x7/site24x7/monitors/rest_api.go:588.3,589.45 2 0
github.com/site24x7/terraform-provider-site24x7/site24x7/monitors/rest_api.go:580.36,582.4 1 0
github.com/site24x7/terraform-provider-site24x7/site24x7/monitors/rest_api.go:585.39,587.4 1 0
github.com/site24x7/terraform-provider-site24x7/site24x7/monitors/rest_api.go:633.53,635.3 1 0
github.com/site24x7/terraform-provider-site24x7/site24x7/monitors/rest_api.go:637.60,639.3 1 0
github.com/site24x7/terraform-provider-site24x7/site24x7/monitors/rest_api.go:641.64,643.3 1 0
github.com/site24x7/terraform-provider-site24x7/site24x7/monitors/rest_api.go:645.57,647.58 2 0
github.com/site24x7/terraform-provider-site24x7/site24x7/monitors/rest_api.go:652.3,655.43 4 0
github.com/site24x7/terraform-provider-site24x7/site24x7/monitors/rest_api.go:647.58,651.4 3 0
github.com/site24x7/terraform-provider-site24x7/site24x7/monitors/rest_api.go:658.50,663.3 4 0
github.com/site24x7/terraform-provider-site24x7/site24x7/monitors/rest_api.go:665.54,670.3 4 0
github.com/site24x7/terraform-provider-site24x7/site24x7/monitors/rest_api.go:674.31,676.3 1 0
github.com/site24x7/terraform-provider-site24x7/site24x7/monitors/rest_api.go:680.35,682.3 1 0
github.com/site24x7/terraform-provider-site24x7/site24x7/monitors/rest_api.go:686.30,688.3 1 0
github.com/site24x7/terraform-provider-site24x7/site24x7/monitors/rest_api.go:692.20,694.3 1 0
github.com/site24x7/terraform-provider-site24x7/site24x7/monitors/rest_api.go:696.45,698.17 2 0
github.com/site24x7/terraform-provider-site24x7/site24x7/monitors/rest_api.go:701.3,702.41 2 0
github.com/site24x7/terraform-provider-site24x7/site24x7/monitors/rest_api.go:698.17,700.4 1 0
github.com/site24x7/terraform-provider-site24x7/site24x7/monitors/rest_api.go:708.92,738.28 28 1
github.com/site24x7/terraform-provider-site24x7/site24x7/monitors/rest_api.go:743.2,743.36 1 1
github.com/site24x7/terraform-provider-site24x7/site24x7/monitors/rest_api.go:749.2,749.38 1 1
github.com/site24x7/terraform-provider-site24x7/site24x7/monitors/rest_api.go:755.2,755.31 1 1
github.com/site24x7/terraform-provider-site24x7/site24x7/monitors/rest_api.go:761.2,761.30 1 1
github.com/site24x7/terraform-provider-site24x7/site24x7/monitors/rest_api.go:772.2,772.31 1 1
github.com/site24x7/terraform-provider-site24x7/site24x7/monitors/rest_api.go:777.2,784.43 6 1
github.com/site24x7/terraform-provider-site24x7/site24x7/monitors/rest_api.go:790.2,794.50 3 1
github.com/site24x7/terraform-provider-site24x7/site24x7/monitors/rest_api.go:800.2,804.43 4 1
github.com/site24x7/terraform-provider-site24x7/site24x7/monitors/rest_api.go:808.2,811.49 2 1
github.com/site24x7/terraform-provider-site24x7/site24x7/monitors/rest_api.go:738.28,741.3 2 0
github.com/site24x7/terraform-provider-site24x7/site24x7/monitors/rest_api.go:743.36,748.3 4 0
github.com/site24x7/terraform-provider-site24x7/site24x7/monitors/rest_api.go:749.38,754.3 4 0
github.com/site24x7/terraform-provider-site24x7/site24x7/monitors/rest_api.go:755.31,760.3 4 0
github.com/site24x7/terraform-provider-site24x7/site24x7/monitors/rest_api.go:761.30,765.47 4 0
github.com/site24x7/terraform-provider-site24x7/site24x7/monitors/rest_api.go:770.3,770.40 1 0
github.com/site24x7/terraform-provider-site24x7/site24x7/monitors/rest_api.go:765.47,769.4 3 0
github.com/site24x7/terraform-provider-site24x7/site24x7/monitors/rest_api.go:772.31,775.3 2 0
github.com/site24x7/terraform-provider-site24x7/site24x7/monitors/rest_api.go:784.43,785.19 1 0
github.com/site24x7/terraform-provider-site24x7/site24x7/monitors/rest_api.go:788.3,788.35 1 0
github.com/site24x7/terraform-provider-site24x7/site24x7/monitors/rest_api.go:785.19,786.12 1 0
github.com/site24x7/terraform-provider-site24x7/site24x7/monitors/rest_api.go:794.50,795.19 1 0
github.com/site24x7/terraform-provider-site24x7/site24x7/monitors/rest_api.go:798.3,798.36 1 0
github.com/site24x7/terraform-provider-site24x7/site24x7/monitors/rest_api.go:795.19,796.12 1 0
github.com/site24x7/terraform-provider-site24x7/site24x7/monitors/rest_api.go:804.43,806.3 1 0
github.com/site24x7/terraform-provider-site24x7/site24x7/monitors/web_page_speed.go:303.61,316.2 1 0
github.com/site24x7/terraform-provider-site24x7/site24x7/monitors/web_page_speed.go:318.80,322.16 3 2
github.com/site24x7/terraform-provider-site24x7/site24x7/monitors/web_page_speed.go:326.2,327.16 2 2
github.com/site24x7/terraform-provider-site24x7/site24x7/monitors/web_page_speed.go:331.2,334.12 2 1
github.com/site24x7/terraform-provider-site24x7/site24x7/monitors/web_page_speed.go:322.16,324.3 1 0
github.com/site24x7/terraform-provider-site24x7/site24x7/monitors/web_page_speed.go:327.16,329.3 1 1
github.com/site24x7/terraform-provider-site24x7/site24x7/monitors/web_page_speed.go:337.78,341.16 3 2
github.com/site24x7/terraform-provider-site24x7/site24x7/monitors/web_page_speed.go:345.2,347.12 2 1
github.com/site24x7/terraform-provider-site24x7/site24x7/monitors/web_page_speed.go:341.16,343.3 1 1
github.com/site24x7/terraform-provider-site24x7/site24x7/monitors/web_page_speed.go:350.80,354.16 3 2
github.com/site24x7/terraform-provider-site24x7/site24x7/monitors/web_page_speed.go:358.2,359.16 2 2
github.com/site24x7/terraform-provider-site24x7/site24x7/monitors/web_page_speed.go:363.2,366.12 2 1
github.com/site24x7/terraform-provider-site24x7/site24x7/monitors/web_page_speed.go:354.16,356.3 1 0
github.com/site24x7/terraform-provider-site24x7/site24x7/monitors/web_page_speed.go:359.16,361.3 1 1
github.com/site24x7/terraform-provider-site24x7/site24x7/monitors/web_page_speed.go:369.80,373.31 3 2
github.com/site24x7/terraform-provider-site24x7/site24x7/monitors/web_page_speed.go:377.2,377.12 1 1
github.com/site24x7/terraform-provider-site24x7/site24x7/monitors/web_page_speed.go:373.31,375.3 1 1
github.com/site24x7/terraform-provider-site24x7/site24x7/monitors/web_page_speed.go:380.88,384.31 3 3
github.com/site24x7/terraform-provider-site24x7/site24x7/monitors/web_page_speed.go:388.2,388.16 1 2
github.com/site24x7/terraform-provider-site24x7/site24x7/monitors/web_page_speed.go:392.2,392.18 1 1
github.com/site24x7/terraform-provider-site24x7/site24x7/monitors/web_page_speed.go:384.31,386.3 1 1
github.com/site24x7/terraform-provider-site24x7/site24x7/monitors/web_page_speed.go:388.16,390.3 1 1
github.com/site24x7/terraform-provider-site24x7/site24x7/monitors/web_page_speed.go:395.122,400.33 3 4
github.com/site24x7/terraform-provider-site24x7/site24x7/monitors/web_page_speed.go:403.2,405.25 3 4
github.com/site24x7/terraform-provider-site24x7/site24x7/monitors/web_page_speed.go:409.2,410.61 2 4
github.com/site24x7/terraform-provider-site24x7/site24x7/monitors/web_page_speed.go:416.2,417.59 2 4
github.com/site24x7/terraform-provider-site24x7/site24x7/monitors/web_page_speed.go:423.2,424.70 2 4
github.com/site24x7/terraform-provider-site24x7/site24x7/monitors/web_page_speed.go:430.2,431.64 2 4
github.com/site24x7/terraform-provider-site24x7/site24x7/monitors/web_page_speed.go:437.2,439.53 3 4
github.com/site24x7/terraform-provider-site24x7/site24x7/monitors/web_page_speed.go:445.2,448.27 3 4
github.com/site24x7/terraform-provider-site24x7/site24x7/monitors/web_page_speed.go:452.2,455.25 3 4
github.com/site24x7/terraform-provider-site24x7/site24x7/monitors/web_page_speed.go:467.2,499.47 2 4
github.com/site24x7/terraform-provider-site24x7/site24x7/monitors/web_page_speed.go:506.2,506.54 1 4
github.com/site24x7/terraform-provider-site24x7/site24x7/monitors/web_page_speed.go:513.2,513.52 1 4
github.com/site24x7/terraform-provider-site24x7/site24x7/monitors/web_page_speed.go:521.2,522.31 2 4
github.com/site24x7/terraform-provider-site24x7/site24x7/monitors/web_page_speed.go:527.2,528.35 2 4
github.com/site24x7/terraform-provider-site24x7/site24x7/monitors/web_page_speed.go:533.2,534.30 2 4
github.com/site24x7/terraform-provider-site24x7/site24x7/monitors/web_page_speed.go:539.2,540.20 2 4
github.com/site24x7/terraform-provider-site24x7/site24x7/monitors/web_page_speed.go:544.2,544.50 1 4
github.com/site24x7/terraform-provider-site24x7/site24x7/monitors/web_page_speed.go:553.2,553.33 1 4
github.com/site24x7/terraform-provider-site24x7/site24x7/monitors/web_page_speed.go:400.33,402.3 1 8
github.com/site24x7/terraform-provider-site24x7/site24x7/monitors/web_page_speed.go:405.25,407.3 1 8
github.com/site24x7/terraform-provider-site24x7/site24x7/monitors/web_page_speed.go:410.61,411.16 1 8
github.com/site24x7/terraform-provider-site24x7/site24x7/monitors/web_page_speed.go:411.16,413.4 1 8
github.com/site24x7/terraform-provider-site24x7/site24x7/monitors/web_page_speed.go:417.59,418.16 1 2
github.com/site24x7/terraform-provider-site24x7/site24x7/monitors/web_page_speed.go:418.16,420.4 1 2
github.com/site24x7/terraform-provider-site24x7/site24x7/monitors/web_page_speed.go:424.70,425.16 1 0
github.com/site24x7/terraform-provider-site24x7/site24x7/monitors/web_page_speed.go:425.16,427.4 1 0
github.com/site24x7/terraform-provider-site24x7/site24x7/monitors/web_page_speed.go:431.64,432.19 1 8
github.com/site24x7/terraform-provider-site24x7/site24x7/monitors/web_page_speed.go:432.19,434.4 1 8
github.com/site24x7/terraform-provider-site24x7/site24x7/monitors/web_page_speed.go:439.53,440.34 1 8
github.com/site24x7/terraform-provider-site24x7/site24x7/monitors/web_page_speed.go:440.34,442.4 1 8
github.com/site24x7/terraform-provider-site24x7/site24x7/monitors/web_page_speed.go:448.27,450.3 1 8
github.com/site24x7/terraform-provider-site24x7/site24x7/monitors/web_page_speed.go:455.25,457.17 2 8
github.com/site24x7/terraform-provider-site24x7/site24x7/monitors/web_page_speed.go:461.3,464.4 1 8
github.com/site24x7/terraform-provider-site24x7/site24x7/monitors/web_page_speed.go:457.17,459.4 1 0
github.com/site24x7/terraform-provider-site24x7/site24x7/monitors/web_page_speed.go:499.47,504.3 1 0
github.com/site24x7/terraform-provider-site24x7/site24x7/monitors/web_page_speed.go:506.54,511.3 1 0
github.com/site24x7/terraform-provider-site24x7/site24x7/monitors/web_page_speed.go:513.52,518.3 1 0
github.com/site24x7/terraform-provider-site24x7/site24x7/monitors/web_page_speed.go:522.31,524.3 1 0
github.com/site24x7/terraform-provider-site24x7/site24x7/monitors/web_page_speed.go:528.35,530.3 1 0
github.com/site24x7/terraform-provider-site24x7/site24x7/monitors/web_page_speed.go:534.30,536.3 1 0
github.com/site24x7/terraform-provider-site24x7/site24x7/monitors/web_page_speed.go:540.20,542.3 1 0
github.com/site24x7/terraform-provider-site24x7/site24x7/monitors/web_page_speed.go:544.50,546.17 2 0
github.com/site24x7/terraform-provider-site24x7/site24x7/monitors/web_page_speed.go:549.3,550.41 2 0
github.com/site24x7/terraform-provider-site24x7/site24x7/monitors/web_page_speed.go:546.17,548.4 1 0
github.com/site24x7/terraform-provider-site24x7/site24x7/monitors/web_page_speed.go:556.102,569.42 12 1
github.com/site24x7/terraform-provider-site24x7/site24x7/monitors/web_page_speed.go:575.2,583.36 7 1
github.com/site24x7/terraform-provider-site24x7/site24x7/monitors/web_page_speed.go:587.2,587.38 1 1
github.com/site24x7/terraform-provider-site24x7/site24x7/monitors/web_page_speed.go:591.2,591.31 1 1
github.com/site24x7/terraform-provider-site24x7/site24x7/monitors/web_page_speed.go:595.2,607.43 11 1
github.com/site24x7/terraform-provider-site24x7/site24x7/monitors/web_page_speed.go:611.2,611.27 1 1
github.com/site24x7/terraform-provider-site24x7/site24x7/monitors/web_page_speed.go:569.42,570.19 1 0
github.com/site24x7/terraform-provider-site24x7/site24x7/monitors/web_page_speed.go:573.3,573.34 1 0
github.com/site24x7/terraform-provider-site24x7/site24x7/monitors/web_page_speed.go:570.19,571.12 1 0
github.com/site24x7/terraform-provider-site24x7/site24x7/monitors/web_page_speed.go:583.36,586.3 2 0
github.com/site24x7/terraform-provider-site24x7/site24x7/monitors/web_page_speed.go:587.38,590.3 2 0
github.com/site24x7/terraform-provider-site24x7/site24x7/monitors/web_page_speed.go:591.31,594.3 2 0
github.com/site24x7/terraform-provider-site24x7/site24x7/monitors/web_page_speed.go:607.43,609.3 1 0
